[2025-03-03T11:00:22.900+0000] {processor.py:161} INFO - Started process (PID=1545) to work on /opt/airflow/dags/stock_price_prediction.py
[2025-03-03T11:00:22.902+0000] {processor.py:830} INFO - Processing file /opt/airflow/dags/stock_price_prediction.py for tasks to queue
[2025-03-03T11:00:22.903+0000] {logging_mixin.py:188} INFO - [2025-03-03T11:00:22.902+0000] {dagbag.py:538} INFO - Filling up the DagBag from /opt/airflow/dags/stock_price_prediction.py
[2025-03-03T10:58:53.097+0000] {processor.py:840} INFO - DAG(s) 'stock_price_prediction' retrieved from /opt/airflow/dags/stock_price_prediction.py
[2025-03-03T10:58:53.196+0000] {logging_mixin.py:188} INFO - [2025-03-03T10:58:53.195+0000] {dag.py:3036} INFO - Sync 1 DAGs
[2025-03-03T10:58:53.216+0000] {logging_mixin.py:188} INFO - [2025-03-03T10:58:53.216+0000] {dag.py:3823} INFO - Setting next_dagrun for stock_price_prediction to 2025-03-02 00:00:00+00:00, run_after=2025-03-09 00:00:00+00:00
[2025-03-03T10:58:53.244+0000] {processor.py:183} INFO - Processing /opt/airflow/dags/stock_price_prediction.py took 0.177 seconds
[2025-03-03T11:00:37.846+0000] {processor.py:161} INFO - Started process (PID=1601) to work on /opt/airflow/dags/stock_price_prediction.py
[2025-03-03T11:00:37.847+0000] {processor.py:830} INFO - Processing file /opt/airflow/dags/stock_price_prediction.py for tasks to queue
[2025-03-03T11:00:37.848+0000] {logging_mixin.py:188} INFO - [2025-03-03T11:00:37.848+0000] {dagbag.py:538} INFO - Filling up the DagBag from /opt/airflow/dags/stock_price_prediction.py
[2025-03-03T11:00:37.869+0000] {processor.py:840} INFO - DAG(s) 'stock_price_prediction' retrieved from /opt/airflow/dags/stock_price_prediction.py
[2025-03-03T11:00:37.897+0000] {logging_mixin.py:188} INFO - [2025-03-03T11:00:37.897+0000] {dag.py:3036} INFO - Sync 1 DAGs
[2025-03-03T11:00:37.923+0000] {logging_mixin.py:188} INFO - [2025-03-03T11:00:37.923+0000] {dag.py:3823} INFO - Setting next_dagrun for stock_price_prediction to 2025-03-02 00:00:00+00:00, run_after=2025-03-09 00:00:00+00:00
[2025-03-03T11:00:37.950+0000] {processor.py:183} INFO - Processing /opt/airflow/dags/stock_price_prediction.py took 0.108 seconds
[2025-03-03T10:59:13.152+0000] {processor.py:161} INFO - Started process (PID=1647) to work on /opt/airflow/dags/stock_price_prediction.py
[2025-03-03T10:59:13.153+0000] {processor.py:830} INFO - Processing file /opt/airflow/dags/stock_price_prediction.py for tasks to queue
[2025-03-03T10:59:13.154+0000] {logging_mixin.py:188} INFO - [2025-03-03T10:59:13.154+0000] {dagbag.py:538} INFO - Filling up the DagBag from /opt/airflow/dags/stock_price_prediction.py
[2025-03-03T10:59:13.171+0000] {processor.py:840} INFO - DAG(s) 'stock_price_prediction' retrieved from /opt/airflow/dags/stock_price_prediction.py
[2025-03-03T10:59:13.183+0000] {logging_mixin.py:188} INFO - [2025-03-03T10:59:13.182+0000] {dag.py:3036} INFO - Sync 1 DAGs
[2025-03-03T10:59:13.206+0000] {logging_mixin.py:188} INFO - [2025-03-03T10:59:13.205+0000] {dag.py:3823} INFO - Setting next_dagrun for stock_price_prediction to 2025-03-02 00:00:00+00:00, run_after=2025-03-09 00:00:00+00:00
[2025-03-03T10:59:13.228+0000] {processor.py:183} INFO - Processing /opt/airflow/dags/stock_price_prediction.py took 0.079 seconds
[2025-03-03T10:59:25.625+0000] {processor.py:161} INFO - Started process (PID=1692) to work on /opt/airflow/dags/stock_price_prediction.py
[2025-03-03T10:59:25.626+0000] {processor.py:830} INFO - Processing file /opt/airflow/dags/stock_price_prediction.py for tasks to queue
[2025-03-03T10:59:25.628+0000] {logging_mixin.py:188} INFO - [2025-03-03T10:59:25.627+0000] {dagbag.py:538} INFO - Filling up the DagBag from /opt/airflow/dags/stock_price_prediction.py
[2025-03-03T10:59:25.647+0000] {processor.py:840} INFO - DAG(s) 'stock_price_prediction' retrieved from /opt/airflow/dags/stock_price_prediction.py
[2025-03-03T10:59:25.665+0000] {logging_mixin.py:188} INFO - [2025-03-03T10:59:25.665+0000] {dag.py:3036} INFO - Sync 1 DAGs
[2025-03-03T10:59:25.687+0000] {logging_mixin.py:188} INFO - [2025-03-03T10:59:25.687+0000] {dag.py:3823} INFO - Setting next_dagrun for stock_price_prediction to 2025-03-02 00:00:00+00:00, run_after=2025-03-09 00:00:00+00:00
[2025-03-03T10:59:25.709+0000] {processor.py:183} INFO - Processing /opt/airflow/dags/stock_price_prediction.py took 0.088 seconds
[2025-03-03T11:01:02.942+0000] {processor.py:161} INFO - Started process (PID=1741) to work on /opt/airflow/dags/stock_price_prediction.py
[2025-03-03T11:01:02.943+0000] {processor.py:830} INFO - Processing file /opt/airflow/dags/stock_price_prediction.py for tasks to queue
[2025-03-03T11:01:02.944+0000] {logging_mixin.py:188} INFO - [2025-03-03T11:01:02.944+0000] {dagbag.py:538} INFO - Filling up the DagBag from /opt/airflow/dags/stock_price_prediction.py
[2025-03-03T11:01:02.958+0000] {processor.py:840} INFO - DAG(s) 'stock_price_prediction' retrieved from /opt/airflow/dags/stock_price_prediction.py
[2025-03-03T11:01:02.974+0000] {logging_mixin.py:188} INFO - [2025-03-03T11:01:02.974+0000] {dag.py:3036} INFO - Sync 1 DAGs
[2025-03-03T11:01:02.995+0000] {logging_mixin.py:188} INFO - [2025-03-03T11:01:02.995+0000] {dag.py:3823} INFO - Setting next_dagrun for stock_price_prediction to 2025-03-02 00:00:00+00:00, run_after=2025-03-09 00:00:00+00:00
[2025-03-03T11:01:03.018+0000] {processor.py:183} INFO - Processing /opt/airflow/dags/stock_price_prediction.py took 0.079 seconds
[2025-03-03T11:01:07.988+0000] {processor.py:161} INFO - Started process (PID=1792) to work on /opt/airflow/dags/stock_price_prediction.py
[2025-03-03T10:59:38.255+0000] {processor.py:830} INFO - Processing file /opt/airflow/dags/stock_price_prediction.py for tasks to queue
[2025-03-03T10:59:38.256+0000] {logging_mixin.py:188} INFO - [2025-03-03T10:59:38.256+0000] {dagbag.py:538} INFO - Filling up the DagBag from /opt/airflow/dags/stock_price_prediction.py
[2025-03-03T10:59:38.270+0000] {processor.py:840} INFO - DAG(s) 'stock_price_prediction' retrieved from /opt/airflow/dags/stock_price_prediction.py
[2025-03-03T10:59:38.287+0000] {logging_mixin.py:188} INFO - [2025-03-03T10:59:38.286+0000] {dag.py:3036} INFO - Sync 1 DAGs
[2025-03-03T10:59:38.309+0000] {logging_mixin.py:188} INFO - [2025-03-03T10:59:38.309+0000] {dag.py:3823} INFO - Setting next_dagrun for stock_price_prediction to 2025-03-02 00:00:00+00:00, run_after=2025-03-09 00:00:00+00:00
[2025-03-03T10:59:38.336+0000] {processor.py:183} INFO - Processing /opt/airflow/dags/stock_price_prediction.py took 0.178 seconds
[2025-03-03T10:59:43.236+0000] {processor.py:161} INFO - Started process (PID=1838) to work on /opt/airflow/dags/stock_price_prediction.py
[2025-03-03T10:59:43.238+0000] {processor.py:830} INFO - Processing file /opt/airflow/dags/stock_price_prediction.py for tasks to queue
[2025-03-03T10:59:43.241+0000] {logging_mixin.py:188} INFO - [2025-03-03T10:59:43.240+0000] {dagbag.py:538} INFO - Filling up the DagBag from /opt/airflow/dags/stock_price_prediction.py
[2025-03-03T10:59:43.264+0000] {processor.py:840} INFO - DAG(s) 'stock_price_prediction' retrieved from /opt/airflow/dags/stock_price_prediction.py
[2025-03-03T10:59:43.286+0000] {logging_mixin.py:188} INFO - [2025-03-03T10:59:43.286+0000] {dag.py:3036} INFO - Sync 1 DAGs
[2025-03-03T10:59:43.316+0000] {logging_mixin.py:188} INFO - [2025-03-03T10:59:43.316+0000] {dag.py:3823} INFO - Setting next_dagrun for stock_price_prediction to 2025-03-02 00:00:00+00:00, run_after=2025-03-09 00:00:00+00:00
[2025-03-03T10:59:43.342+0000] {processor.py:183} INFO - Processing /opt/airflow/dags/stock_price_prediction.py took 0.110 seconds
[2025-03-03T11:00:13.470+0000] {processor.py:161} INFO - Started process (PID=1890) to work on /opt/airflow/dags/stock_price_prediction.py
[2025-03-03T11:00:13.471+0000] {processor.py:830} INFO - Processing file /opt/airflow/dags/stock_price_prediction.py for tasks to queue
[2025-03-03T11:00:13.472+0000] {logging_mixin.py:188} INFO - [2025-03-03T11:00:13.472+0000] {dagbag.py:538} INFO - Filling up the DagBag from /opt/airflow/dags/stock_price_prediction.py
[2025-03-03T11:00:13.488+0000] {processor.py:840} INFO - DAG(s) 'stock_price_prediction' retrieved from /opt/airflow/dags/stock_price_prediction.py
[2025-03-03T11:00:13.593+0000] {logging_mixin.py:188} INFO - [2025-03-03T11:00:13.592+0000] {dag.py:3036} INFO - Sync 1 DAGs
[2025-03-03T11:00:13.616+0000] {logging_mixin.py:188} INFO - [2025-03-03T11:00:13.616+0000] {dag.py:3823} INFO - Setting next_dagrun for stock_price_prediction to 2025-03-02 00:00:00+00:00, run_after=2025-03-09 00:00:00+00:00
[2025-03-03T11:00:13.641+0000] {processor.py:183} INFO - Processing /opt/airflow/dags/stock_price_prediction.py took 0.175 seconds
[2025-03-03T11:00:43.885+0000] {processor.py:161} INFO - Started process (PID=1943) to work on /opt/airflow/dags/stock_price_prediction.py
[2025-03-03T11:00:43.886+0000] {processor.py:830} INFO - Processing file /opt/airflow/dags/stock_price_prediction.py for tasks to queue
[2025-03-03T11:00:43.887+0000] {logging_mixin.py:188} INFO - [2025-03-03T11:00:43.887+0000] {dagbag.py:538} INFO - Filling up the DagBag from /opt/airflow/dags/stock_price_prediction.py
[2025-03-03T11:00:43.900+0000] {processor.py:840} INFO - DAG(s) 'stock_price_prediction' retrieved from /opt/airflow/dags/stock_price_prediction.py
[2025-03-03T11:00:43.918+0000] {logging_mixin.py:188} INFO - [2025-03-03T11:00:43.918+0000] {dag.py:3036} INFO - Sync 1 DAGs
[2025-03-03T11:00:43.943+0000] {logging_mixin.py:188} INFO - [2025-03-03T11:00:43.943+0000] {dag.py:3823} INFO - Setting next_dagrun for stock_price_prediction to 2025-03-02 00:00:00+00:00, run_after=2025-03-09 00:00:00+00:00
[2025-03-03T11:00:43.967+0000] {processor.py:183} INFO - Processing /opt/airflow/dags/stock_price_prediction.py took 0.085 seconds
[2025-03-03T11:02:23.157+0000] {processor.py:161} INFO - Started process (PID=1988) to work on /opt/airflow/dags/stock_price_prediction.py
[2025-03-03T11:02:23.158+0000] {processor.py:830} INFO - Processing file /opt/airflow/dags/stock_price_prediction.py for tasks to queue
[2025-03-03T11:02:23.159+0000] {logging_mixin.py:188} INFO - [2025-03-03T11:02:23.159+0000] {dagbag.py:538} INFO - Filling up the DagBag from /opt/airflow/dags/stock_price_prediction.py
[2025-03-03T11:02:23.172+0000] {processor.py:840} INFO - DAG(s) 'stock_price_prediction' retrieved from /opt/airflow/dags/stock_price_prediction.py
[2025-03-03T11:02:23.189+0000] {logging_mixin.py:188} INFO - [2025-03-03T11:02:23.188+0000] {dag.py:3036} INFO - Sync 1 DAGs
[2025-03-03T11:00:53.385+0000] {logging_mixin.py:188} INFO - [2025-03-03T11:00:53.385+0000] {dag.py:3823} INFO - Setting next_dagrun for stock_price_prediction to 2025-03-02 00:00:00+00:00, run_after=2025-03-09 00:00:00+00:00
[2025-03-03T11:00:53.404+0000] {processor.py:183} INFO - Processing /opt/airflow/dags/stock_price_prediction.py took 0.079 seconds
[2025-03-03T11:02:38.095+0000] {processor.py:161} INFO - Started process (PID=2042) to work on /opt/airflow/dags/stock_price_prediction.py
[2025-03-03T11:02:38.096+0000] {processor.py:830} INFO - Processing file /opt/airflow/dags/stock_price_prediction.py for tasks to queue
[2025-03-03T11:02:38.097+0000] {logging_mixin.py:188} INFO - [2025-03-03T11:02:38.097+0000] {dagbag.py:538} INFO - Filling up the DagBag from /opt/airflow/dags/stock_price_prediction.py
[2025-03-03T11:02:38.113+0000] {processor.py:840} INFO - DAG(s) 'stock_price_prediction' retrieved from /opt/airflow/dags/stock_price_prediction.py
[2025-03-03T11:02:38.130+0000] {logging_mixin.py:188} INFO - [2025-03-03T11:02:38.130+0000] {dag.py:3036} INFO - Sync 1 DAGs
[2025-03-03T11:02:38.153+0000] {logging_mixin.py:188} INFO - [2025-03-03T11:02:38.153+0000] {dag.py:3823} INFO - Setting next_dagrun for stock_price_prediction to 2025-03-02 00:00:00+00:00, run_after=2025-03-09 00:00:00+00:00
[2025-03-03T11:02:38.176+0000] {processor.py:183} INFO - Processing /opt/airflow/dags/stock_price_prediction.py took 0.085 seconds
[2025-03-03T11:03:24.917+0000] {processor.py:161} INFO - Started process (PID=2186) to work on /opt/airflow/dags/stock_price_prediction.py
[2025-03-03T11:03:24.919+0000] {processor.py:830} INFO - Processing file /opt/airflow/dags/stock_price_prediction.py for tasks to queue
[2025-03-03T11:03:24.920+0000] {logging_mixin.py:188} INFO - [2025-03-03T11:03:24.919+0000] {dagbag.py:538} INFO - Filling up the DagBag from /opt/airflow/dags/stock_price_prediction.py
[2025-03-03T11:03:24.937+0000] {processor.py:840} INFO - DAG(s) 'stock_price_prediction' retrieved from /opt/airflow/dags/stock_price_prediction.py
[2025-03-03T11:03:24.959+0000] {logging_mixin.py:188} INFO - [2025-03-03T11:03:24.959+0000] {dag.py:3036} INFO - Sync 1 DAGs
[2025-03-03T11:03:24.984+0000] {logging_mixin.py:188} INFO - [2025-03-03T11:03:24.983+0000] {dag.py:3823} INFO - Setting next_dagrun for stock_price_prediction to 2025-03-02 00:00:00+00:00, run_after=2025-03-09 00:00:00+00:00
[2025-03-03T11:01:55.174+0000] {processor.py:183} INFO - Processing /opt/airflow/dags/stock_price_prediction.py took 0.096 seconds
[2025-03-03T11:02:25.260+0000] {processor.py:161} INFO - Started process (PID=2239) to work on /opt/airflow/dags/stock_price_prediction.py
[2025-03-03T11:02:25.261+0000] {processor.py:830} INFO - Processing file /opt/airflow/dags/stock_price_prediction.py for tasks to queue
[2025-03-03T11:02:25.262+0000] {logging_mixin.py:188} INFO - [2025-03-03T11:02:25.262+0000] {dagbag.py:538} INFO - Filling up the DagBag from /opt/airflow/dags/stock_price_prediction.py
[2025-03-03T11:02:25.279+0000] {processor.py:840} INFO - DAG(s) 'stock_price_prediction' retrieved from /opt/airflow/dags/stock_price_prediction.py
[2025-03-03T11:02:25.297+0000] {logging_mixin.py:188} INFO - [2025-03-03T11:02:25.296+0000] {dag.py:3036} INFO - Sync 1 DAGs
[2025-03-03T11:02:25.326+0000] {logging_mixin.py:188} INFO - [2025-03-03T11:02:25.326+0000] {dag.py:3823} INFO - Setting next_dagrun for stock_price_prediction to 2025-03-02 00:00:00+00:00, run_after=2025-03-09 00:00:00+00:00
[2025-03-03T11:02:25.348+0000] {processor.py:183} INFO - Processing /opt/airflow/dags/stock_price_prediction.py took 0.092 seconds
[2025-03-03T11:02:56.274+0000] {processor.py:161} INFO - Started process (PID=2292) to work on /opt/airflow/dags/stock_price_prediction.py
[2025-03-03T11:02:56.275+0000] {processor.py:830} INFO - Processing file /opt/airflow/dags/stock_price_prediction.py for tasks to queue
[2025-03-03T11:02:56.276+0000] {logging_mixin.py:188} INFO - [2025-03-03T11:02:56.276+0000] {dagbag.py:538} INFO - Filling up the DagBag from /opt/airflow/dags/stock_price_prediction.py
[2025-03-03T11:02:56.292+0000] {processor.py:840} INFO - DAG(s) 'stock_price_prediction' retrieved from /opt/airflow/dags/stock_price_prediction.py
[2025-03-03T11:02:56.311+0000] {logging_mixin.py:188} INFO - [2025-03-03T11:02:56.310+0000] {dag.py:3036} INFO - Sync 1 DAGs
[2025-03-03T11:02:56.341+0000] {logging_mixin.py:188} INFO - [2025-03-03T11:02:56.341+0000] {dag.py:3823} INFO - Setting next_dagrun for stock_price_prediction to 2025-03-02 00:00:00+00:00, run_after=2025-03-09 00:00:00+00:00
[2025-03-03T11:02:56.363+0000] {processor.py:183} INFO - Processing /opt/airflow/dags/stock_price_prediction.py took 0.093 seconds
[2025-03-03T11:03:26.434+0000] {processor.py:161} INFO - Started process (PID=2341) to work on /opt/airflow/dags/stock_price_prediction.py
[2025-03-03T11:03:26.435+0000] {processor.py:830} INFO - Processing file /opt/airflow/dags/stock_price_prediction.py for tasks to queue
[2025-03-03T11:03:26.437+0000] {logging_mixin.py:188} INFO - [2025-03-03T11:03:26.436+0000] {dagbag.py:538} INFO - Filling up the DagBag from /opt/airflow/dags/stock_price_prediction.py
[2025-03-03T11:03:26.466+0000] {processor.py:840} INFO - DAG(s) 'stock_price_prediction' retrieved from /opt/airflow/dags/stock_price_prediction.py
[2025-03-03T11:03:26.486+0000] {logging_mixin.py:188} INFO - [2025-03-03T11:03:26.486+0000] {dag.py:3036} INFO - Sync 1 DAGs
[2025-03-03T11:03:26.508+0000] {logging_mixin.py:188} INFO - [2025-03-03T11:03:26.508+0000] {dag.py:3823} INFO - Setting next_dagrun for stock_price_prediction to 2025-03-02 00:00:00+00:00, run_after=2025-03-09 00:00:00+00:00
[2025-03-03T11:03:26.531+0000] {processor.py:183} INFO - Processing /opt/airflow/dags/stock_price_prediction.py took 0.101 seconds
[2025-03-03T11:04:24.912+0000] {processor.py:161} INFO - Started process (PID=52) to work on /opt/airflow/dags/stock_price_prediction.py
[2025-03-03T11:04:24.913+0000] {processor.py:830} INFO - Processing file /opt/airflow/dags/stock_price_prediction.py for tasks to queue
[2025-03-03T11:04:24.917+0000] {logging_mixin.py:188} INFO - [2025-03-03T11:04:24.917+0000] {dagbag.py:538} INFO - Filling up the DagBag from /opt/airflow/dags/stock_price_prediction.py
[2025-03-03T11:04:24.960+0000] {processor.py:840} INFO - DAG(s) 'stock_price_prediction' retrieved from /opt/airflow/dags/stock_price_prediction.py
[2025-03-03T11:06:28.543+0000] {processor.py:161} INFO - Started process (PID=161) to work on /opt/airflow/dags/stock_price_prediction.py
[2025-03-03T11:06:28.544+0000] {processor.py:830} INFO - Processing file /opt/airflow/dags/stock_price_prediction.py for tasks to queue
[2025-03-03T11:06:28.545+0000] {logging_mixin.py:188} INFO - [2025-03-03T11:06:28.545+0000] {dagbag.py:538} INFO - Filling up the DagBag from /opt/airflow/dags/stock_price_prediction.py
[2025-03-03T11:06:28.563+0000] {processor.py:840} INFO - DAG(s) 'stock_price_prediction' retrieved from /opt/airflow/dags/stock_price_prediction.py
[2025-03-03T11:04:58.830+0000] {logging_mixin.py:188} INFO - [2025-03-03T11:04:58.830+0000] {dag.py:3036} INFO - Sync 1 DAGs
[2025-03-03T11:04:58.857+0000] {logging_mixin.py:188} INFO - [2025-03-03T11:04:58.857+0000] {dag.py:3823} INFO - Setting next_dagrun for stock_price_prediction to 2025-03-02 00:00:00+00:00, run_after=2025-03-09 00:00:00+00:00
[2025-03-03T11:04:58.882+0000] {processor.py:183} INFO - Processing /opt/airflow/dags/stock_price_prediction.py took 0.175 seconds
[2025-03-03T11:06:54.956+0000] {processor.py:161} INFO - Started process (PID=164) to work on /opt/airflow/dags/stock_price_prediction.py
[2025-03-03T11:06:54.958+0000] {processor.py:830} INFO - Processing file /opt/airflow/dags/stock_price_prediction.py for tasks to queue
[2025-03-03T11:06:54.959+0000] {logging_mixin.py:188} INFO - [2025-03-03T11:06:54.959+0000] {dagbag.py:538} INFO - Filling up the DagBag from /opt/airflow/dags/stock_price_prediction.py
[2025-03-03T11:06:54.985+0000] {processor.py:840} INFO - DAG(s) 'stock_price_prediction' retrieved from /opt/airflow/dags/stock_price_prediction.py
[2025-03-03T11:06:55.007+0000] {logging_mixin.py:188} INFO - [2025-03-03T11:06:55.007+0000] {dag.py:3036} INFO - Sync 1 DAGs
[2025-03-03T11:06:55.043+0000] {logging_mixin.py:188} INFO - [2025-03-03T11:06:55.043+0000] {dag.py:3823} INFO - Setting next_dagrun for stock_price_prediction to 2025-03-02 00:00:00+00:00, run_after=2025-03-09 00:00:00+00:00
[2025-03-03T11:05:25.210+0000] {processor.py:183} INFO - Processing /opt/airflow/dags/stock_price_prediction.py took 0.132 seconds
[2025-03-03T11:07:24.938+0000] {processor.py:161} INFO - Started process (PID=220) to work on /opt/airflow/dags/stock_price_prediction.py
[2025-03-03T11:07:24.939+0000] {processor.py:830} INFO - Processing file /opt/airflow/dags/stock_price_prediction.py for tasks to queue
[2025-03-03T11:07:24.940+0000] {logging_mixin.py:188} INFO - [2025-03-03T11:07:24.940+0000] {dagbag.py:538} INFO - Filling up the DagBag from /opt/airflow/dags/stock_price_prediction.py
[2025-03-03T11:07:24.963+0000] {processor.py:840} INFO - DAG(s) 'stock_price_prediction' retrieved from /opt/airflow/dags/stock_price_prediction.py
[2025-03-03T11:07:24.992+0000] {logging_mixin.py:188} INFO - [2025-03-03T11:07:24.992+0000] {dag.py:3036} INFO - Sync 1 DAGs
[2025-03-03T11:07:25.031+0000] {logging_mixin.py:188} INFO - [2025-03-03T11:07:25.031+0000] {dag.py:3823} INFO - Setting next_dagrun for stock_price_prediction to 2025-03-02 00:00:00+00:00, run_after=2025-03-09 00:00:00+00:00
[2025-03-03T11:05:55.203+0000] {processor.py:183} INFO - Processing /opt/airflow/dags/stock_price_prediction.py took 0.132 seconds
[2025-03-03T11:07:54.926+0000] {processor.py:161} INFO - Started process (PID=276) to work on /opt/airflow/dags/stock_price_prediction.py
[2025-03-03T11:07:54.927+0000] {processor.py:830} INFO - Processing file /opt/airflow/dags/stock_price_prediction.py for tasks to queue
[2025-03-03T11:07:54.929+0000] {logging_mixin.py:188} INFO - [2025-03-03T11:07:54.928+0000] {dagbag.py:538} INFO - Filling up the DagBag from /opt/airflow/dags/stock_price_prediction.py
[2025-03-03T11:07:54.953+0000] {processor.py:840} INFO - DAG(s) 'stock_price_prediction' retrieved from /opt/airflow/dags/stock_price_prediction.py
[2025-03-03T11:07:54.975+0000] {logging_mixin.py:188} INFO - [2025-03-03T11:07:54.975+0000] {dag.py:3036} INFO - Sync 1 DAGs
[2025-03-03T11:06:25.173+0000] {logging_mixin.py:188} INFO - [2025-03-03T11:06:25.173+0000] {dag.py:3823} INFO - Setting next_dagrun for stock_price_prediction to 2025-03-02 00:00:00+00:00, run_after=2025-03-09 00:00:00+00:00
[2025-03-03T11:06:25.206+0000] {processor.py:183} INFO - Processing /opt/airflow/dags/stock_price_prediction.py took 0.121 seconds
[2025-03-03T11:06:28.961+0000] {processor.py:161} INFO - Started process (PID=332) to work on /opt/airflow/dags/stock_price_prediction.py
[2025-03-03T11:06:28.963+0000] {processor.py:830} INFO - Processing file /opt/airflow/dags/stock_price_prediction.py for tasks to queue
[2025-03-03T11:06:28.965+0000] {logging_mixin.py:188} INFO - [2025-03-03T11:06:28.965+0000] {dagbag.py:538} INFO - Filling up the DagBag from /opt/airflow/dags/stock_price_prediction.py
[2025-03-03T11:06:28.979+0000] {processor.py:840} INFO - DAG(s) 'stock_price_prediction' retrieved from /opt/airflow/dags/stock_price_prediction.py
[2025-03-03T11:06:28.992+0000] {logging_mixin.py:188} INFO - [2025-03-03T11:06:28.992+0000] {dag.py:3036} INFO - Sync 1 DAGs
[2025-03-03T11:06:29.018+0000] {logging_mixin.py:188} INFO - [2025-03-03T11:06:29.018+0000] {dag.py:3823} INFO - Setting next_dagrun for stock_price_prediction to 2025-03-02 00:00:00+00:00, run_after=2025-03-09 00:00:00+00:00
[2025-03-03T11:06:29.041+0000] {processor.py:183} INFO - Processing /opt/airflow/dags/stock_price_prediction.py took 0.083 seconds
[2025-03-03T11:08:03.703+0000] {processor.py:161} INFO - Started process (PID=382) to work on /opt/airflow/dags/stock_price_prediction.py
[2025-03-03T11:08:03.704+0000] {processor.py:830} INFO - Processing file /opt/airflow/dags/stock_price_prediction.py for tasks to queue
[2025-03-03T11:08:03.705+0000] {logging_mixin.py:188} INFO - [2025-03-03T11:08:03.704+0000] {dagbag.py:538} INFO - Filling up the DagBag from /opt/airflow/dags/stock_price_prediction.py
[2025-03-03T11:08:03.722+0000] {processor.py:840} INFO - DAG(s) 'stock_price_prediction' retrieved from /opt/airflow/dags/stock_price_prediction.py
[2025-03-03T11:08:03.745+0000] {logging_mixin.py:188} INFO - [2025-03-03T11:08:03.745+0000] {dag.py:3036} INFO - Sync 1 DAGs
[2025-03-03T11:08:03.771+0000] {logging_mixin.py:188} INFO - [2025-03-03T11:08:03.771+0000] {dag.py:3823} INFO - Setting next_dagrun for stock_price_prediction to 2025-03-02 00:00:00+00:00, run_after=2025-03-09 00:00:00+00:00
[2025-03-03T11:06:33.969+0000] {processor.py:183} INFO - Processing /opt/airflow/dags/stock_price_prediction.py took 0.103 seconds
[2025-03-03T11:08:08.759+0000] {processor.py:161} INFO - Started process (PID=432) to work on /opt/airflow/dags/stock_price_prediction.py
[2025-03-03T11:08:08.760+0000] {processor.py:830} INFO - Processing file /opt/airflow/dags/stock_price_prediction.py for tasks to queue
[2025-03-03T11:08:08.761+0000] {logging_mixin.py:188} INFO - [2025-03-03T11:08:08.760+0000] {dagbag.py:538} INFO - Filling up the DagBag from /opt/airflow/dags/stock_price_prediction.py
[2025-03-03T11:08:08.773+0000] {processor.py:840} INFO - DAG(s) 'stock_price_prediction' retrieved from /opt/airflow/dags/stock_price_prediction.py
[2025-03-03T11:08:08.789+0000] {logging_mixin.py:188} INFO - [2025-03-03T11:08:08.789+0000] {dag.py:3036} INFO - Sync 1 DAGs
[2025-03-03T11:08:08.810+0000] {logging_mixin.py:188} INFO - [2025-03-03T11:08:08.810+0000] {dag.py:3823} INFO - Setting next_dagrun for stock_price_prediction to 2025-03-02 00:00:00+00:00, run_after=2025-03-09 00:00:00+00:00
[2025-03-03T11:06:38.992+0000] {processor.py:183} INFO - Processing /opt/airflow/dags/stock_price_prediction.py took 0.078 seconds
[2025-03-03T11:08:24.903+0000] {processor.py:161} INFO - Started process (PID=482) to work on /opt/airflow/dags/stock_price_prediction.py
[2025-03-03T11:08:24.905+0000] {processor.py:830} INFO - Processing file /opt/airflow/dags/stock_price_prediction.py for tasks to queue
[2025-03-03T11:08:24.906+0000] {logging_mixin.py:188} INFO - [2025-03-03T11:08:24.906+0000] {dagbag.py:538} INFO - Filling up the DagBag from /opt/airflow/dags/stock_price_prediction.py
[2025-03-03T11:08:24.923+0000] {processor.py:840} INFO - DAG(s) 'stock_price_prediction' retrieved from /opt/airflow/dags/stock_price_prediction.py
[2025-03-03T11:08:24.943+0000] {logging_mixin.py:188} INFO - [2025-03-03T11:08:24.942+0000] {dag.py:3036} INFO - Sync 1 DAGs
[2025-03-03T11:08:24.971+0000] {logging_mixin.py:188} INFO - [2025-03-03T11:08:24.971+0000] {dag.py:3823} INFO - Setting next_dagrun for stock_price_prediction to 2025-03-02 00:00:00+00:00, run_after=2025-03-09 00:00:00+00:00
[2025-03-03T11:06:55.178+0000] {processor.py:183} INFO - Processing /opt/airflow/dags/stock_price_prediction.py took 0.111 seconds
[2025-03-03T11:07:25.313+0000] {processor.py:161} INFO - Started process (PID=538) to work on /opt/airflow/dags/stock_price_prediction.py
[2025-03-03T11:07:25.314+0000] {processor.py:830} INFO - Processing file /opt/airflow/dags/stock_price_prediction.py for tasks to queue
[2025-03-03T11:07:25.316+0000] {logging_mixin.py:188} INFO - [2025-03-03T11:07:25.315+0000] {dagbag.py:538} INFO - Filling up the DagBag from /opt/airflow/dags/stock_price_prediction.py
[2025-03-03T11:07:25.333+0000] {processor.py:840} INFO - DAG(s) 'stock_price_prediction' retrieved from /opt/airflow/dags/stock_price_prediction.py
[2025-03-03T11:07:25.352+0000] {logging_mixin.py:188} INFO - [2025-03-03T11:07:25.351+0000] {dag.py:3036} INFO - Sync 1 DAGs
[2025-03-03T11:07:25.376+0000] {logging_mixin.py:188} INFO - [2025-03-03T11:07:25.376+0000] {dag.py:3823} INFO - Setting next_dagrun for stock_price_prediction to 2025-03-02 00:00:00+00:00, run_after=2025-03-09 00:00:00+00:00
[2025-03-03T11:07:25.396+0000] {processor.py:183} INFO - Processing /opt/airflow/dags/stock_price_prediction.py took 0.086 seconds
[2025-03-03T11:10:46.841+0000] {processor.py:161} INFO - Started process (PID=52) to work on /opt/airflow/dags/stock_price_prediction.py
[2025-03-03T11:10:46.843+0000] {processor.py:830} INFO - Processing file /opt/airflow/dags/stock_price_prediction.py for tasks to queue
[2025-03-03T11:10:46.846+0000] {logging_mixin.py:188} INFO - [2025-03-03T11:10:46.846+0000] {dagbag.py:538} INFO - Filling up the DagBag from /opt/airflow/dags/stock_price_prediction.py
[2025-03-03T11:10:46.874+0000] {processor.py:840} INFO - DAG(s) 'stock_price_prediction' retrieved from /opt/airflow/dags/stock_price_prediction.py
[2025-03-03T11:10:47.191+0000] {logging_mixin.py:188} INFO - [2025-03-03T11:10:47.191+0000] {dag.py:3036} INFO - Sync 1 DAGs
[2025-03-03T11:10:47.222+0000] {logging_mixin.py:188} INFO - [2025-03-03T11:10:47.221+0000] {dag.py:3823} INFO - Setting next_dagrun for stock_price_prediction to 2025-03-02 00:00:00+00:00, run_after=2025-03-09 00:00:00+00:00
[2025-03-03T11:10:47.250+0000] {processor.py:183} INFO - Processing /opt/airflow/dags/stock_price_prediction.py took 0.419 seconds
[2025-03-03T11:12:39.204+0000] {processor.py:161} INFO - Started process (PID=108) to work on /opt/airflow/dags/stock_price_prediction.py
[2025-03-03T11:12:39.205+0000] {processor.py:830} INFO - Processing file /opt/airflow/dags/stock_price_prediction.py for tasks to queue
[2025-03-03T11:12:39.207+0000] {logging_mixin.py:188} INFO - [2025-03-03T11:12:39.207+0000] {dagbag.py:538} INFO - Filling up the DagBag from /opt/airflow/dags/stock_price_prediction.py
[2025-03-03T11:12:39.220+0000] {processor.py:840} INFO - DAG(s) 'stock_price_prediction' retrieved from /opt/airflow/dags/stock_price_prediction.py
[2025-03-03T11:12:39.238+0000] {logging_mixin.py:188} INFO - [2025-03-03T11:12:39.237+0000] {dag.py:3036} INFO - Sync 1 DAGs
[2025-03-03T11:12:39.259+0000] {logging_mixin.py:188} INFO - [2025-03-03T11:12:39.259+0000] {dag.py:3823} INFO - Setting next_dagrun for stock_price_prediction to 2025-03-02 00:00:00+00:00, run_after=2025-03-09 00:00:00+00:00
[2025-03-03T11:12:39.282+0000] {processor.py:183} INFO - Processing /opt/airflow/dags/stock_price_prediction.py took 0.080 seconds
[2025-03-03T11:13:34.370+0000] {processor.py:161} INFO - Started process (PID=350) to work on /opt/airflow/dags/stock_price_prediction.py
[2025-03-03T11:13:34.371+0000] {processor.py:830} INFO - Processing file /opt/airflow/dags/stock_price_prediction.py for tasks to queue
[2025-03-03T11:13:34.373+0000] {logging_mixin.py:188} INFO - [2025-03-03T11:13:34.372+0000] {dagbag.py:538} INFO - Filling up the DagBag from /opt/airflow/dags/stock_price_prediction.py
[2025-03-03T11:13:34.386+0000] {processor.py:840} INFO - DAG(s) 'stock_price_prediction' retrieved from /opt/airflow/dags/stock_price_prediction.py
[2025-03-03T11:12:04.571+0000] {logging_mixin.py:188} INFO - [2025-03-03T11:12:04.571+0000] {dag.py:3036} INFO - Sync 1 DAGs
[2025-03-03T11:12:04.595+0000] {logging_mixin.py:188} INFO - [2025-03-03T11:12:04.595+0000] {dag.py:3823} INFO - Setting next_dagrun for stock_price_prediction to 2025-03-02 00:00:00+00:00, run_after=2025-03-09 00:00:00+00:00
[2025-03-03T11:12:04.616+0000] {processor.py:183} INFO - Processing /opt/airflow/dags/stock_price_prediction.py took 0.079 seconds
[2025-03-03T11:13:39.383+0000] {processor.py:161} INFO - Started process (PID=400) to work on /opt/airflow/dags/stock_price_prediction.py
[2025-03-03T11:13:39.384+0000] {processor.py:830} INFO - Processing file /opt/airflow/dags/stock_price_prediction.py for tasks to queue
[2025-03-03T11:13:39.386+0000] {logging_mixin.py:188} INFO - [2025-03-03T11:13:39.386+0000] {dagbag.py:538} INFO - Filling up the DagBag from /opt/airflow/dags/stock_price_prediction.py
[2025-03-03T11:13:39.403+0000] {processor.py:840} INFO - DAG(s) 'stock_price_prediction' retrieved from /opt/airflow/dags/stock_price_prediction.py
[2025-03-03T11:13:39.422+0000] {logging_mixin.py:188} INFO - [2025-03-03T11:13:39.422+0000] {dag.py:3036} INFO - Sync 1 DAGs
[2025-03-03T11:12:09.612+0000] {logging_mixin.py:188} INFO - [2025-03-03T11:12:09.612+0000] {dag.py:3823} INFO - Setting next_dagrun for stock_price_prediction to 2025-03-02 00:00:00+00:00, run_after=2025-03-09 00:00:00+00:00
[2025-03-03T11:12:09.640+0000] {processor.py:183} INFO - Processing /opt/airflow/dags/stock_price_prediction.py took 0.100 seconds
[2025-03-03T11:12:40.446+0000] {processor.py:161} INFO - Started process (PID=456) to work on /opt/airflow/dags/stock_price_prediction.py
[2025-03-03T11:12:40.447+0000] {processor.py:830} INFO - Processing file /opt/airflow/dags/stock_price_prediction.py for tasks to queue
[2025-03-03T11:12:40.449+0000] {logging_mixin.py:188} INFO - [2025-03-03T11:12:40.448+0000] {dagbag.py:538} INFO - Filling up the DagBag from /opt/airflow/dags/stock_price_prediction.py
[2025-03-03T11:12:40.461+0000] {processor.py:840} INFO - DAG(s) 'stock_price_prediction' retrieved from /opt/airflow/dags/stock_price_prediction.py
[2025-03-03T11:12:40.481+0000] {logging_mixin.py:188} INFO - [2025-03-03T11:12:40.481+0000] {dag.py:3036} INFO - Sync 1 DAGs
[2025-03-03T11:12:40.506+0000] {logging_mixin.py:188} INFO - [2025-03-03T11:12:40.506+0000] {dag.py:3823} INFO - Setting next_dagrun for stock_price_prediction to 2025-03-02 00:00:00+00:00, run_after=2025-03-09 00:00:00+00:00
[2025-03-03T11:12:40.533+0000] {processor.py:183} INFO - Processing /opt/airflow/dags/stock_price_prediction.py took 0.090 seconds
[2025-03-03T11:14:25.011+0000] {processor.py:161} INFO - Started process (PID=512) to work on /opt/airflow/dags/stock_price_prediction.py
[2025-03-03T11:14:25.012+0000] {processor.py:830} INFO - Processing file /opt/airflow/dags/stock_price_prediction.py for tasks to queue
[2025-03-03T11:14:25.014+0000] {logging_mixin.py:188} INFO - [2025-03-03T11:14:25.014+0000] {dagbag.py:538} INFO - Filling up the DagBag from /opt/airflow/dags/stock_price_prediction.py
[2025-03-03T11:14:25.033+0000] {processor.py:840} INFO - DAG(s) 'stock_price_prediction' retrieved from /opt/airflow/dags/stock_price_prediction.py
[2025-03-03T11:14:25.054+0000] {logging_mixin.py:188} INFO - [2025-03-03T11:14:25.054+0000] {dag.py:3036} INFO - Sync 1 DAGs
[2025-03-03T11:12:55.217+0000] {logging_mixin.py:188} INFO - [2025-03-03T11:12:55.217+0000] {dag.py:3823} INFO - Setting next_dagrun for stock_price_prediction to 2025-03-02 00:00:00+00:00, run_after=2025-03-09 00:00:00+00:00
[2025-03-03T11:12:55.242+0000] {processor.py:183} INFO - Processing /opt/airflow/dags/stock_price_prediction.py took 0.103 seconds
[2025-03-03T11:14:29.446+0000] {processor.py:161} INFO - Started process (PID=562) to work on /opt/airflow/dags/stock_price_prediction.py
[2025-03-03T11:14:29.447+0000] {processor.py:830} INFO - Processing file /opt/airflow/dags/stock_price_prediction.py for tasks to queue
[2025-03-03T11:14:29.450+0000] {logging_mixin.py:188} INFO - [2025-03-03T11:14:29.449+0000] {dagbag.py:538} INFO - Filling up the DagBag from /opt/airflow/dags/stock_price_prediction.py
[2025-03-03T11:14:29.472+0000] {processor.py:840} INFO - DAG(s) 'stock_price_prediction' retrieved from /opt/airflow/dags/stock_price_prediction.py
[2025-03-03T11:14:29.494+0000] {logging_mixin.py:188} INFO - [2025-03-03T11:14:29.493+0000] {dag.py:3036} INFO - Sync 1 DAGs
[2025-03-03T11:12:59.700+0000] {logging_mixin.py:188} INFO - [2025-03-03T11:12:59.699+0000] {dag.py:3823} INFO - Setting next_dagrun for stock_price_prediction to 2025-03-02 00:00:00+00:00, run_after=2025-03-09 00:00:00+00:00
[2025-03-03T11:12:59.730+0000] {processor.py:183} INFO - Processing /opt/airflow/dags/stock_price_prediction.py took 0.120 seconds
[2025-03-03T11:14:54.925+0000] {processor.py:161} INFO - Started process (PID=618) to work on /opt/airflow/dags/stock_price_prediction.py
[2025-03-03T11:14:54.926+0000] {processor.py:830} INFO - Processing file /opt/airflow/dags/stock_price_prediction.py for tasks to queue
[2025-03-03T11:14:54.928+0000] {logging_mixin.py:188} INFO - [2025-03-03T11:14:54.928+0000] {dagbag.py:538} INFO - Filling up the DagBag from /opt/airflow/dags/stock_price_prediction.py
[2025-03-03T11:14:54.948+0000] {processor.py:840} INFO - DAG(s) 'stock_price_prediction' retrieved from /opt/airflow/dags/stock_price_prediction.py
[2025-03-03T11:14:54.969+0000] {logging_mixin.py:188} INFO - [2025-03-03T11:14:54.969+0000] {dag.py:3036} INFO - Sync 1 DAGs
[2025-03-03T11:13:25.165+0000] {logging_mixin.py:188} INFO - [2025-03-03T11:13:25.165+0000] {dag.py:3823} INFO - Setting next_dagrun for stock_price_prediction to 2025-03-02 00:00:00+00:00, run_after=2025-03-09 00:00:00+00:00
[2025-03-03T11:13:25.193+0000] {processor.py:183} INFO - Processing /opt/airflow/dags/stock_price_prediction.py took 0.100 seconds
[2025-03-03T11:13:55.931+0000] {processor.py:161} INFO - Started process (PID=674) to work on /opt/airflow/dags/stock_price_prediction.py
[2025-03-03T11:13:55.932+0000] {processor.py:830} INFO - Processing file /opt/airflow/dags/stock_price_prediction.py for tasks to queue
[2025-03-03T11:13:55.934+0000] {logging_mixin.py:188} INFO - [2025-03-03T11:13:55.933+0000] {dagbag.py:538} INFO - Filling up the DagBag from /opt/airflow/dags/stock_price_prediction.py
[2025-03-03T11:13:55.949+0000] {processor.py:840} INFO - DAG(s) 'stock_price_prediction' retrieved from /opt/airflow/dags/stock_price_prediction.py
[2025-03-03T11:13:55.968+0000] {logging_mixin.py:188} INFO - [2025-03-03T11:13:55.967+0000] {dag.py:3036} INFO - Sync 1 DAGs
[2025-03-03T11:13:55.994+0000] {logging_mixin.py:188} INFO - [2025-03-03T11:13:55.994+0000] {dag.py:3823} INFO - Setting next_dagrun for stock_price_prediction to 2025-03-02 00:00:00+00:00, run_after=2025-03-09 00:00:00+00:00
[2025-03-03T11:13:56.021+0000] {processor.py:183} INFO - Processing /opt/airflow/dags/stock_price_prediction.py took 0.093 seconds
[2025-03-03T11:15:34.494+0000] {processor.py:161} INFO - Started process (PID=724) to work on /opt/airflow/dags/stock_price_prediction.py
[2025-03-03T11:15:34.496+0000] {processor.py:830} INFO - Processing file /opt/airflow/dags/stock_price_prediction.py for tasks to queue
[2025-03-03T11:15:34.501+0000] {logging_mixin.py:188} INFO - [2025-03-03T11:15:34.501+0000] {dagbag.py:538} INFO - Filling up the DagBag from /opt/airflow/dags/stock_price_prediction.py
[2025-03-03T11:15:34.526+0000] {processor.py:840} INFO - DAG(s) 'stock_price_prediction' retrieved from /opt/airflow/dags/stock_price_prediction.py
[2025-03-03T11:15:34.550+0000] {logging_mixin.py:188} INFO - [2025-03-03T11:15:34.550+0000] {dag.py:3036} INFO - Sync 1 DAGs
[2025-03-03T11:15:34.579+0000] {logging_mixin.py:188} INFO - [2025-03-03T11:15:34.579+0000] {dag.py:3823} INFO - Setting next_dagrun for stock_price_prediction to 2025-03-02 00:00:00+00:00, run_after=2025-03-09 00:00:00+00:00
[2025-03-03T11:15:34.604+0000] {processor.py:183} INFO - Processing /opt/airflow/dags/stock_price_prediction.py took 0.113 seconds
[2025-03-03T11:14:09.825+0000] {processor.py:161} INFO - Started process (PID=774) to work on /opt/airflow/dags/stock_price_prediction.py
[2025-03-03T11:14:09.826+0000] {processor.py:830} INFO - Processing file /opt/airflow/dags/stock_price_prediction.py for tasks to queue
[2025-03-03T11:14:09.827+0000] {logging_mixin.py:188} INFO - [2025-03-03T11:14:09.827+0000] {dagbag.py:538} INFO - Filling up the DagBag from /opt/airflow/dags/stock_price_prediction.py
[2025-03-03T11:14:09.847+0000] {processor.py:840} INFO - DAG(s) 'stock_price_prediction' retrieved from /opt/airflow/dags/stock_price_prediction.py
[2025-03-03T11:14:09.867+0000] {logging_mixin.py:188} INFO - [2025-03-03T11:14:09.867+0000] {dag.py:3036} INFO - Sync 1 DAGs
[2025-03-03T11:14:09.894+0000] {logging_mixin.py:188} INFO - [2025-03-03T11:14:09.893+0000] {dag.py:3823} INFO - Setting next_dagrun for stock_price_prediction to 2025-03-02 00:00:00+00:00, run_after=2025-03-09 00:00:00+00:00
[2025-03-03T11:14:09.916+0000] {processor.py:183} INFO - Processing /opt/airflow/dags/stock_price_prediction.py took 0.094 seconds
[2025-03-03T11:14:40.330+0000] {processor.py:161} INFO - Started process (PID=830) to work on /opt/airflow/dags/stock_price_prediction.py
[2025-03-03T11:14:40.331+0000] {processor.py:830} INFO - Processing file /opt/airflow/dags/stock_price_prediction.py for tasks to queue
[2025-03-03T11:14:40.333+0000] {logging_mixin.py:188} INFO - [2025-03-03T11:14:40.332+0000] {dagbag.py:538} INFO - Filling up the DagBag from /opt/airflow/dags/stock_price_prediction.py
[2025-03-03T11:14:40.345+0000] {processor.py:840} INFO - DAG(s) 'stock_price_prediction' retrieved from /opt/airflow/dags/stock_price_prediction.py
[2025-03-03T11:14:40.361+0000] {logging_mixin.py:188} INFO - [2025-03-03T11:14:40.361+0000] {dag.py:3036} INFO - Sync 1 DAGs
[2025-03-03T11:14:40.383+0000] {logging_mixin.py:188} INFO - [2025-03-03T11:14:40.383+0000] {dag.py:3823} INFO - Setting next_dagrun for stock_price_prediction to 2025-03-02 00:00:00+00:00, run_after=2025-03-09 00:00:00+00:00
[2025-03-03T11:14:40.407+0000] {processor.py:183} INFO - Processing /opt/airflow/dags/stock_price_prediction.py took 0.079 seconds
[2025-03-03T11:16:39.644+0000] {processor.py:161} INFO - Started process (PID=886) to work on /opt/airflow/dags/stock_price_prediction.py
[2025-03-03T11:16:39.645+0000] {processor.py:830} INFO - Processing file /opt/airflow/dags/stock_price_prediction.py for tasks to queue
[2025-03-03T11:16:39.648+0000] {logging_mixin.py:188} INFO - [2025-03-03T11:16:39.648+0000] {dagbag.py:538} INFO - Filling up the DagBag from /opt/airflow/dags/stock_price_prediction.py
[2025-03-03T11:16:39.664+0000] {processor.py:840} INFO - DAG(s) 'stock_price_prediction' retrieved from /opt/airflow/dags/stock_price_prediction.py
[2025-03-03T11:16:39.683+0000] {logging_mixin.py:188} INFO - [2025-03-03T11:16:39.683+0000] {dag.py:3036} INFO - Sync 1 DAGs
[2025-03-03T11:16:39.706+0000] {logging_mixin.py:188} INFO - [2025-03-03T11:16:39.706+0000] {dag.py:3823} INFO - Setting next_dagrun for stock_price_prediction to 2025-03-02 00:00:00+00:00, run_after=2025-03-09 00:00:00+00:00
[2025-03-03T11:16:39.731+0000] {processor.py:183} INFO - Processing /opt/airflow/dags/stock_price_prediction.py took 0.090 seconds
[2025-03-03T11:17:14.727+0000] {processor.py:161} INFO - Started process (PID=1080) to work on /opt/airflow/dags/stock_price_prediction.py
[2025-03-03T11:17:14.728+0000] {processor.py:830} INFO - Processing file /opt/airflow/dags/stock_price_prediction.py for tasks to queue
[2025-03-03T11:17:14.729+0000] {logging_mixin.py:188} INFO - [2025-03-03T11:17:14.729+0000] {dagbag.py:538} INFO - Filling up the DagBag from /opt/airflow/dags/stock_price_prediction.py
[2025-03-03T11:17:14.744+0000] {processor.py:840} INFO - DAG(s) 'stock_price_prediction' retrieved from /opt/airflow/dags/stock_price_prediction.py
[2025-03-03T11:17:14.760+0000] {logging_mixin.py:188} INFO - [2025-03-03T11:17:14.760+0000] {dag.py:3036} INFO - Sync 1 DAGs
[2025-03-03T11:17:14.782+0000] {logging_mixin.py:188} INFO - [2025-03-03T11:17:14.782+0000] {dag.py:3823} INFO - Setting next_dagrun for stock_price_prediction to 2025-03-02 00:00:00+00:00, run_after=2025-03-09 00:00:00+00:00
[2025-03-03T11:17:14.806+0000] {processor.py:183} INFO - Processing /opt/airflow/dags/stock_price_prediction.py took 0.081 seconds
[2025-03-03T11:17:39.727+0000] {processor.py:161} INFO - Started process (PID=1132) to work on /opt/airflow/dags/stock_price_prediction.py
[2025-03-03T11:17:39.728+0000] {processor.py:830} INFO - Processing file /opt/airflow/dags/stock_price_prediction.py for tasks to queue
[2025-03-03T11:17:39.729+0000] {logging_mixin.py:188} INFO - [2025-03-03T11:17:39.729+0000] {dagbag.py:538} INFO - Filling up the DagBag from /opt/airflow/dags/stock_price_prediction.py
[2025-03-03T11:17:39.746+0000] {processor.py:840} INFO - DAG(s) 'stock_price_prediction' retrieved from /opt/airflow/dags/stock_price_prediction.py
[2025-03-03T11:17:39.764+0000] {logging_mixin.py:188} INFO - [2025-03-03T11:17:39.764+0000] {dag.py:3036} INFO - Sync 1 DAGs
[2025-03-03T11:17:39.787+0000] {logging_mixin.py:188} INFO - [2025-03-03T11:17:39.787+0000] {dag.py:3823} INFO - Setting next_dagrun for stock_price_prediction to 2025-03-02 00:00:00+00:00, run_after=2025-03-09 00:00:00+00:00
[2025-03-03T11:17:39.814+0000] {processor.py:183} INFO - Processing /opt/airflow/dags/stock_price_prediction.py took 0.089 seconds
[2025-03-03T11:18:29.842+0000] {processor.py:161} INFO - Started process (PID=1384) to work on /opt/airflow/dags/stock_price_prediction.py
[2025-03-03T11:18:29.843+0000] {processor.py:830} INFO - Processing file /opt/airflow/dags/stock_price_prediction.py for tasks to queue
[2025-03-03T11:18:29.844+0000] {logging_mixin.py:188} INFO - [2025-03-03T11:18:29.844+0000] {dagbag.py:538} INFO - Filling up the DagBag from /opt/airflow/dags/stock_price_prediction.py
[2025-03-03T11:18:29.863+0000] {processor.py:840} INFO - DAG(s) 'stock_price_prediction' retrieved from /opt/airflow/dags/stock_price_prediction.py
[2025-03-03T11:18:29.881+0000] {logging_mixin.py:188} INFO - [2025-03-03T11:18:29.881+0000] {dag.py:3036} INFO - Sync 1 DAGs
[2025-03-03T11:18:29.904+0000] {logging_mixin.py:188} INFO - [2025-03-03T11:18:29.904+0000] {dag.py:3823} INFO - Setting next_dagrun for stock_price_prediction to 2025-03-02 00:00:00+00:00, run_after=2025-03-09 00:00:00+00:00
[2025-03-03T11:18:29.930+0000] {processor.py:183} INFO - Processing /opt/airflow/dags/stock_price_prediction.py took 0.091 seconds
[2025-03-03T11:19:06.782+0000] {processor.py:161} INFO - Started process (PID=52) to work on /opt/airflow/dags/stock_price_prediction.py
[2025-03-03T11:19:06.783+0000] {processor.py:830} INFO - Processing file /opt/airflow/dags/stock_price_prediction.py for tasks to queue
[2025-03-03T11:19:06.786+0000] {logging_mixin.py:188} INFO - [2025-03-03T11:19:06.786+0000] {dagbag.py:538} INFO - Filling up the DagBag from /opt/airflow/dags/stock_price_prediction.py
[2025-03-03T11:19:06.835+0000] {processor.py:840} INFO - DAG(s) 'stock_price_prediction' retrieved from /opt/airflow/dags/stock_price_prediction.py
[2025-03-03T11:19:07.148+0000] {logging_mixin.py:188} INFO - [2025-03-03T11:19:07.148+0000] {dag.py:3036} INFO - Sync 1 DAGs
[2025-03-03T11:19:07.173+0000] {logging_mixin.py:188} INFO - [2025-03-03T11:19:07.172+0000] {dag.py:3823} INFO - Setting next_dagrun for stock_price_prediction to 2025-03-02 00:00:00+00:00, run_after=2025-03-09 00:00:00+00:00
[2025-03-03T11:19:07.201+0000] {processor.py:183} INFO - Processing /opt/airflow/dags/stock_price_prediction.py took 0.426 seconds
[2025-03-03T11:19:37.620+0000] {processor.py:161} INFO - Started process (PID=108) to work on /opt/airflow/dags/stock_price_prediction.py
[2025-03-03T11:19:37.621+0000] {processor.py:830} INFO - Processing file /opt/airflow/dags/stock_price_prediction.py for tasks to queue
[2025-03-03T11:19:37.623+0000] {logging_mixin.py:188} INFO - [2025-03-03T11:19:37.622+0000] {dagbag.py:538} INFO - Filling up the DagBag from /opt/airflow/dags/stock_price_prediction.py
[2025-03-03T11:19:37.640+0000] {processor.py:840} INFO - DAG(s) 'stock_price_prediction' retrieved from /opt/airflow/dags/stock_price_prediction.py
[2025-03-03T11:19:37.666+0000] {logging_mixin.py:188} INFO - [2025-03-03T11:19:37.665+0000] {dag.py:3036} INFO - Sync 1 DAGs
[2025-03-03T11:19:37.694+0000] {logging_mixin.py:188} INFO - [2025-03-03T11:19:37.693+0000] {dag.py:3823} INFO - Setting next_dagrun for stock_price_prediction to 2025-03-02 00:00:00+00:00, run_after=2025-03-09 00:00:00+00:00
[2025-03-03T11:19:37.715+0000] {processor.py:183} INFO - Processing /opt/airflow/dags/stock_price_prediction.py took 0.099 seconds
[2025-03-03T11:21:15.200+0000] {processor.py:161} INFO - Started process (PID=163) to work on /opt/airflow/dags/stock_price_prediction.py
[2025-03-03T11:21:15.201+0000] {processor.py:830} INFO - Processing file /opt/airflow/dags/stock_price_prediction.py for tasks to queue
[2025-03-03T11:21:15.202+0000] {logging_mixin.py:188} INFO - [2025-03-03T11:21:15.202+0000] {dagbag.py:538} INFO - Filling up the DagBag from /opt/airflow/dags/stock_price_prediction.py
[2025-03-03T11:19:45.377+0000] {processor.py:840} INFO - DAG(s) 'stock_price_prediction' retrieved from /opt/airflow/dags/stock_price_prediction.py
[2025-03-03T11:19:45.398+0000] {logging_mixin.py:188} INFO - [2025-03-03T11:19:45.398+0000] {dag.py:3036} INFO - Sync 1 DAGs
[2025-03-03T11:19:45.428+0000] {logging_mixin.py:188} INFO - [2025-03-03T11:19:45.427+0000] {dag.py:3823} INFO - Setting next_dagrun for stock_price_prediction to 2025-03-02 00:00:00+00:00, run_after=2025-03-09 00:00:00+00:00
[2025-03-03T11:19:45.450+0000] {processor.py:183} INFO - Processing /opt/airflow/dags/stock_price_prediction.py took 0.095 seconds
[2025-03-03T11:19:50.433+0000] {processor.py:161} INFO - Started process (PID=211) to work on /opt/airflow/dags/stock_price_prediction.py
[2025-03-03T11:19:50.439+0000] {processor.py:830} INFO - Processing file /opt/airflow/dags/stock_price_prediction.py for tasks to queue
[2025-03-03T11:19:50.440+0000] {logging_mixin.py:188} INFO - [2025-03-03T11:19:50.440+0000] {dagbag.py:538} INFO - Filling up the DagBag from /opt/airflow/dags/stock_price_prediction.py
[2025-03-03T11:19:50.459+0000] {processor.py:840} INFO - DAG(s) 'stock_price_prediction' retrieved from /opt/airflow/dags/stock_price_prediction.py
[2025-03-03T11:19:50.486+0000] {logging_mixin.py:188} INFO - [2025-03-03T11:19:50.485+0000] {dag.py:3036} INFO - Sync 1 DAGs
[2025-03-03T11:19:50.511+0000] {logging_mixin.py:188} INFO - [2025-03-03T11:19:50.511+0000] {dag.py:3823} INFO - Setting next_dagrun for stock_price_prediction to 2025-03-02 00:00:00+00:00, run_after=2025-03-09 00:00:00+00:00
[2025-03-03T11:19:50.541+0000] {processor.py:183} INFO - Processing /opt/airflow/dags/stock_price_prediction.py took 0.113 seconds
[2025-03-03T11:19:55.447+0000] {processor.py:161} INFO - Started process (PID=259) to work on /opt/airflow/dags/stock_price_prediction.py
[2025-03-03T11:19:55.448+0000] {processor.py:830} INFO - Processing file /opt/airflow/dags/stock_price_prediction.py for tasks to queue
[2025-03-03T11:19:55.451+0000] {logging_mixin.py:188} INFO - [2025-03-03T11:19:55.450+0000] {dagbag.py:538} INFO - Filling up the DagBag from /opt/airflow/dags/stock_price_prediction.py
[2025-03-03T11:19:55.471+0000] {processor.py:840} INFO - DAG(s) 'stock_price_prediction' retrieved from /opt/airflow/dags/stock_price_prediction.py
[2025-03-03T11:19:55.489+0000] {logging_mixin.py:188} INFO - [2025-03-03T11:19:55.489+0000] {dag.py:3036} INFO - Sync 1 DAGs
[2025-03-03T11:19:55.512+0000] {logging_mixin.py:188} INFO - [2025-03-03T11:19:55.512+0000] {dag.py:3823} INFO - Setting next_dagrun for stock_price_prediction to 2025-03-02 00:00:00+00:00, run_after=2025-03-09 00:00:00+00:00
[2025-03-03T11:19:55.538+0000] {processor.py:183} INFO - Processing /opt/airflow/dags/stock_price_prediction.py took 0.094 seconds
[2025-03-03T11:21:55.184+0000] {processor.py:161} INFO - Started process (PID=313) to work on /opt/airflow/dags/stock_price_prediction.py
[2025-03-03T11:21:55.185+0000] {processor.py:830} INFO - Processing file /opt/airflow/dags/stock_price_prediction.py for tasks to queue
[2025-03-03T11:21:55.185+0000] {logging_mixin.py:188} INFO - [2025-03-03T11:21:55.185+0000] {dagbag.py:538} INFO - Filling up the DagBag from /opt/airflow/dags/stock_price_prediction.py
[2025-03-03T11:21:55.201+0000] {processor.py:840} INFO - DAG(s) 'stock_price_prediction' retrieved from /opt/airflow/dags/stock_price_prediction.py
[2025-03-03T11:21:55.218+0000] {logging_mixin.py:188} INFO - [2025-03-03T11:21:55.218+0000] {dag.py:3036} INFO - Sync 1 DAGs
[2025-03-03T11:21:55.239+0000] {logging_mixin.py:188} INFO - [2025-03-03T11:21:55.239+0000] {dag.py:3823} INFO - Setting next_dagrun for stock_price_prediction to 2025-03-02 00:00:00+00:00, run_after=2025-03-09 00:00:00+00:00
[2025-03-03T11:21:55.265+0000] {processor.py:183} INFO - Processing /opt/airflow/dags/stock_price_prediction.py took 0.085 seconds
[2025-03-03T11:22:35.361+0000] {processor.py:161} INFO - Started process (PID=465) to work on /opt/airflow/dags/stock_price_prediction.py
[2025-03-03T11:22:35.362+0000] {processor.py:830} INFO - Processing file /opt/airflow/dags/stock_price_prediction.py for tasks to queue
[2025-03-03T11:22:35.363+0000] {logging_mixin.py:188} INFO - [2025-03-03T11:22:35.363+0000] {dagbag.py:538} INFO - Filling up the DagBag from /opt/airflow/dags/stock_price_prediction.py
[2025-03-03T11:22:35.378+0000] {processor.py:840} INFO - DAG(s) 'stock_price_prediction' retrieved from /opt/airflow/dags/stock_price_prediction.py
[2025-03-03T11:21:05.565+0000] {logging_mixin.py:188} INFO - [2025-03-03T11:21:05.564+0000] {dag.py:3036} INFO - Sync 1 DAGs
[2025-03-03T11:21:05.588+0000] {logging_mixin.py:188} INFO - [2025-03-03T11:21:05.588+0000] {dag.py:3823} INFO - Setting next_dagrun for stock_price_prediction to 2025-03-02 00:00:00+00:00, run_after=2025-03-09 00:00:00+00:00
[2025-03-03T11:21:05.616+0000] {processor.py:183} INFO - Processing /opt/airflow/dags/stock_price_prediction.py took 0.088 seconds
[2025-03-03T11:22:40.334+0000] {processor.py:161} INFO - Started process (PID=521) to work on /opt/airflow/dags/stock_price_prediction.py
[2025-03-03T11:22:40.335+0000] {processor.py:830} INFO - Processing file /opt/airflow/dags/stock_price_prediction.py for tasks to queue
[2025-03-03T11:22:40.336+0000] {logging_mixin.py:188} INFO - [2025-03-03T11:22:40.336+0000] {dagbag.py:538} INFO - Filling up the DagBag from /opt/airflow/dags/stock_price_prediction.py
[2025-03-03T11:22:40.351+0000] {processor.py:840} INFO - DAG(s) 'stock_price_prediction' retrieved from /opt/airflow/dags/stock_price_prediction.py
[2025-03-03T11:22:40.367+0000] {logging_mixin.py:188} INFO - [2025-03-03T11:22:40.366+0000] {dag.py:3036} INFO - Sync 1 DAGs
[2025-03-03T11:22:40.388+0000] {logging_mixin.py:188} INFO - [2025-03-03T11:22:40.388+0000] {dag.py:3823} INFO - Setting next_dagrun for stock_price_prediction to 2025-03-02 00:00:00+00:00, run_after=2025-03-09 00:00:00+00:00
[2025-03-03T11:22:40.414+0000] {processor.py:183} INFO - Processing /opt/airflow/dags/stock_price_prediction.py took 0.083 seconds
[2025-03-03T11:23:25.044+0000] {processor.py:161} INFO - Started process (PID=673) to work on /opt/airflow/dags/stock_price_prediction.py
[2025-03-03T11:23:25.045+0000] {processor.py:830} INFO - Processing file /opt/airflow/dags/stock_price_prediction.py for tasks to queue
[2025-03-03T11:23:25.045+0000] {logging_mixin.py:188} INFO - [2025-03-03T11:23:25.045+0000] {dagbag.py:538} INFO - Filling up the DagBag from /opt/airflow/dags/stock_price_prediction.py
[2025-03-03T11:21:55.212+0000] {processor.py:840} INFO - DAG(s) 'stock_price_prediction' retrieved from /opt/airflow/dags/stock_price_prediction.py
[2025-03-03T11:21:55.230+0000] {logging_mixin.py:188} INFO - [2025-03-03T11:21:55.230+0000] {dag.py:3036} INFO - Sync 1 DAGs
[2025-03-03T11:21:55.262+0000] {logging_mixin.py:188} INFO - [2025-03-03T11:21:55.262+0000] {dag.py:3823} INFO - Setting next_dagrun for stock_price_prediction to 2025-03-02 00:00:00+00:00, run_after=2025-03-09 00:00:00+00:00
[2025-03-03T11:21:55.286+0000] {processor.py:183} INFO - Processing /opt/airflow/dags/stock_price_prediction.py took 0.098 seconds
[2025-03-03T11:23:55.414+0000] {processor.py:161} INFO - Started process (PID=729) to work on /opt/airflow/dags/stock_price_prediction.py
[2025-03-03T11:23:55.415+0000] {processor.py:830} INFO - Processing file /opt/airflow/dags/stock_price_prediction.py for tasks to queue
[2025-03-03T11:23:55.416+0000] {logging_mixin.py:188} INFO - [2025-03-03T11:23:55.416+0000] {dagbag.py:538} INFO - Filling up the DagBag from /opt/airflow/dags/stock_price_prediction.py
[2025-03-03T11:23:55.428+0000] {processor.py:840} INFO - DAG(s) 'stock_price_prediction' retrieved from /opt/airflow/dags/stock_price_prediction.py
[2025-03-03T11:23:55.445+0000] {logging_mixin.py:188} INFO - [2025-03-03T11:23:55.445+0000] {dag.py:3036} INFO - Sync 1 DAGs
[2025-03-03T11:23:55.467+0000] {logging_mixin.py:188} INFO - [2025-03-03T11:23:55.467+0000] {dag.py:3823} INFO - Setting next_dagrun for stock_price_prediction to 2025-03-02 00:00:00+00:00, run_after=2025-03-09 00:00:00+00:00
[2025-03-03T11:23:55.489+0000] {processor.py:183} INFO - Processing /opt/airflow/dags/stock_price_prediction.py took 0.077 seconds
[2025-03-03T11:36:51.557+0000] {processor.py:161} INFO - Started process (PID=53) to work on /opt/airflow/dags/stock_price_prediction.py
[2025-03-03T11:36:51.559+0000] {processor.py:830} INFO - Processing file /opt/airflow/dags/stock_price_prediction.py for tasks to queue
[2025-03-03T11:36:51.561+0000] {logging_mixin.py:188} INFO - [2025-03-03T11:36:51.560+0000] {dagbag.py:538} INFO - Filling up the DagBag from /opt/airflow/dags/stock_price_prediction.py
[2025-03-03T11:36:51.587+0000] {logging_mixin.py:188} INFO - [2025-03-03T11:36:51.583+0000] {dagbag.py:348} ERROR - Failed to import: /opt/airflow/dags/stock_price_prediction.py
Traceback (most recent call last):
  File "/home/airflow/.local/lib/python3.8/site-packages/airflow/models/dagbag.py", line 344, in parse
    loader.exec_module(new_module)
  File "<frozen importlib._bootstrap_external>", line 843, in exec_module
  File "<frozen importlib._bootstrap>", line 219, in _call_with_frames_removed
  File "/opt/airflow/dags/stock_price_prediction.py", line 4, in <module>
    import yfinance as yf
ModuleNotFoundError: No module named 'yfinance'
[2025-03-03T11:36:51.588+0000] {processor.py:842} WARNING - No viable dags retrieved from /opt/airflow/dags/stock_price_prediction.py
[2025-03-03T11:36:51.625+0000] {processor.py:183} INFO - Processing /opt/airflow/dags/stock_price_prediction.py took 0.071 seconds
[2025-03-03T11:37:21.730+0000] {processor.py:161} INFO - Started process (PID=109) to work on /opt/airflow/dags/stock_price_prediction.py
[2025-03-03T11:37:21.731+0000] {processor.py:830} INFO - Processing file /opt/airflow/dags/stock_price_prediction.py for tasks to queue
[2025-03-03T11:37:21.734+0000] {logging_mixin.py:188} INFO - [2025-03-03T11:37:21.733+0000] {dagbag.py:538} INFO - Filling up the DagBag from /opt/airflow/dags/stock_price_prediction.py
[2025-03-03T11:37:21.755+0000] {logging_mixin.py:188} INFO - [2025-03-03T11:37:21.751+0000] {dagbag.py:348} ERROR - Failed to import: /opt/airflow/dags/stock_price_prediction.py
Traceback (most recent call last):
  File "/home/airflow/.local/lib/python3.8/site-packages/airflow/models/dagbag.py", line 344, in parse
    loader.exec_module(new_module)
  File "<frozen importlib._bootstrap_external>", line 843, in exec_module
  File "<frozen importlib._bootstrap>", line 219, in _call_with_frames_removed
  File "/opt/airflow/dags/stock_price_prediction.py", line 4, in <module>
    import yfinance as yf
ModuleNotFoundError: No module named 'yfinance'
[2025-03-03T11:37:21.757+0000] {processor.py:842} WARNING - No viable dags retrieved from /opt/airflow/dags/stock_price_prediction.py
[2025-03-03T11:37:21.778+0000] {processor.py:183} INFO - Processing /opt/airflow/dags/stock_price_prediction.py took 0.054 seconds
[2025-03-03T11:37:51.842+0000] {processor.py:161} INFO - Started process (PID=164) to work on /opt/airflow/dags/stock_price_prediction.py
[2025-03-03T11:37:51.843+0000] {processor.py:830} INFO - Processing file /opt/airflow/dags/stock_price_prediction.py for tasks to queue
[2025-03-03T11:37:51.844+0000] {logging_mixin.py:188} INFO - [2025-03-03T11:37:51.844+0000] {dagbag.py:538} INFO - Filling up the DagBag from /opt/airflow/dags/stock_price_prediction.py
[2025-03-03T11:37:51.863+0000] {logging_mixin.py:188} INFO - [2025-03-03T11:37:51.860+0000] {dagbag.py:348} ERROR - Failed to import: /opt/airflow/dags/stock_price_prediction.py
Traceback (most recent call last):
  File "/home/airflow/.local/lib/python3.8/site-packages/airflow/models/dagbag.py", line 344, in parse
    loader.exec_module(new_module)
  File "<frozen importlib._bootstrap_external>", line 843, in exec_module
  File "<frozen importlib._bootstrap>", line 219, in _call_with_frames_removed
  File "/opt/airflow/dags/stock_price_prediction.py", line 4, in <module>
    import yfinance as yf
ModuleNotFoundError: No module named 'yfinance'
[2025-03-03T11:37:51.865+0000] {processor.py:842} WARNING - No viable dags retrieved from /opt/airflow/dags/stock_price_prediction.py
[2025-03-03T11:37:51.890+0000] {processor.py:183} INFO - Processing /opt/airflow/dags/stock_price_prediction.py took 0.052 seconds
[2025-03-03T11:39:24.984+0000] {processor.py:161} INFO - Started process (PID=189) to work on /opt/airflow/dags/stock_price_prediction.py
[2025-03-03T11:39:24.985+0000] {processor.py:830} INFO - Processing file /opt/airflow/dags/stock_price_prediction.py for tasks to queue
[2025-03-03T11:39:24.986+0000] {logging_mixin.py:188} INFO - [2025-03-03T11:39:24.986+0000] {dagbag.py:538} INFO - Filling up the DagBag from /opt/airflow/dags/stock_price_prediction.py
[2025-03-03T11:39:25.005+0000] {logging_mixin.py:188} INFO - [2025-03-03T11:39:25.001+0000] {dagbag.py:348} ERROR - Failed to import: /opt/airflow/dags/stock_price_prediction.py
Traceback (most recent call last):
  File "/home/airflow/.local/lib/python3.8/site-packages/airflow/models/dagbag.py", line 344, in parse
    loader.exec_module(new_module)
  File "<frozen importlib._bootstrap_external>", line 843, in exec_module
  File "<frozen importlib._bootstrap>", line 219, in _call_with_frames_removed
  File "/opt/airflow/dags/stock_price_prediction.py", line 4, in <module>
    import yfinance as yf
ModuleNotFoundError: No module named 'yfinance'
[2025-03-03T11:39:25.006+0000] {processor.py:842} WARNING - No viable dags retrieved from /opt/airflow/dags/stock_price_prediction.py
[2025-03-03T11:39:25.026+0000] {processor.py:183} INFO - Processing /opt/airflow/dags/stock_price_prediction.py took 0.045 seconds
[2025-03-03T11:39:47.321+0000] {processor.py:161} INFO - Started process (PID=243) to work on /opt/airflow/dags/stock_price_prediction.py
[2025-03-03T11:39:47.322+0000] {processor.py:830} INFO - Processing file /opt/airflow/dags/stock_price_prediction.py for tasks to queue
[2025-03-03T11:39:47.324+0000] {logging_mixin.py:188} INFO - [2025-03-03T11:39:47.323+0000] {dagbag.py:538} INFO - Filling up the DagBag from /opt/airflow/dags/stock_price_prediction.py
[2025-03-03T11:39:47.352+0000] {logging_mixin.py:188} INFO - [2025-03-03T11:39:47.348+0000] {dagbag.py:348} ERROR - Failed to import: /opt/airflow/dags/stock_price_prediction.py
Traceback (most recent call last):
  File "/home/airflow/.local/lib/python3.8/site-packages/airflow/models/dagbag.py", line 344, in parse
    loader.exec_module(new_module)
  File "<frozen importlib._bootstrap_external>", line 843, in exec_module
  File "<frozen importlib._bootstrap>", line 219, in _call_with_frames_removed
  File "/opt/airflow/dags/stock_price_prediction.py", line 4, in <module>
    import yfinance as yf
ModuleNotFoundError: No module named 'yfinance'
[2025-03-03T11:39:47.354+0000] {processor.py:842} WARNING - No viable dags retrieved from /opt/airflow/dags/stock_price_prediction.py
[2025-03-03T11:39:47.376+0000] {processor.py:183} INFO - Processing /opt/airflow/dags/stock_price_prediction.py took 0.059 seconds
[2025-03-03T11:40:27.408+0000] {processor.py:161} INFO - Started process (PID=386) to work on /opt/airflow/dags/stock_price_prediction.py
[2025-03-03T11:40:27.410+0000] {processor.py:830} INFO - Processing file /opt/airflow/dags/stock_price_prediction.py for tasks to queue
[2025-03-03T11:40:27.411+0000] {logging_mixin.py:188} INFO - [2025-03-03T11:40:27.411+0000] {dagbag.py:538} INFO - Filling up the DagBag from /opt/airflow/dags/stock_price_prediction.py
[2025-03-03T11:40:27.424+0000] {logging_mixin.py:188} INFO - [2025-03-03T11:40:27.422+0000] {dagbag.py:348} ERROR - Failed to import: /opt/airflow/dags/stock_price_prediction.py
Traceback (most recent call last):
  File "/home/airflow/.local/lib/python3.8/site-packages/airflow/models/dagbag.py", line 344, in parse
    loader.exec_module(new_module)
  File "<frozen importlib._bootstrap_external>", line 843, in exec_module
  File "<frozen importlib._bootstrap>", line 219, in _call_with_frames_removed
  File "/opt/airflow/dags/stock_price_prediction.py", line 4, in <module>
    import yfinance as yf
ModuleNotFoundError: No module named 'yfinance'
[2025-03-03T11:40:27.425+0000] {processor.py:842} WARNING - No viable dags retrieved from /opt/airflow/dags/stock_price_prediction.py
[2025-03-03T11:40:27.446+0000] {processor.py:183} INFO - Processing /opt/airflow/dags/stock_price_prediction.py took 0.041 seconds
[2025-03-03T11:41:27.604+0000] {processor.py:161} INFO - Started process (PID=628) to work on /opt/airflow/dags/stock_price_prediction.py
[2025-03-03T11:41:27.606+0000] {processor.py:830} INFO - Processing file /opt/airflow/dags/stock_price_prediction.py for tasks to queue
[2025-03-03T11:41:27.607+0000] {logging_mixin.py:188} INFO - [2025-03-03T11:41:27.607+0000] {dagbag.py:538} INFO - Filling up the DagBag from /opt/airflow/dags/stock_price_prediction.py
[2025-03-03T11:41:27.620+0000] {logging_mixin.py:188} INFO - [2025-03-03T11:41:27.618+0000] {dagbag.py:348} ERROR - Failed to import: /opt/airflow/dags/stock_price_prediction.py
Traceback (most recent call last):
  File "/home/airflow/.local/lib/python3.8/site-packages/airflow/models/dagbag.py", line 344, in parse
    loader.exec_module(new_module)
  File "<frozen importlib._bootstrap_external>", line 843, in exec_module
  File "<frozen importlib._bootstrap>", line 219, in _call_with_frames_removed
  File "/opt/airflow/dags/stock_price_prediction.py", line 4, in <module>
    import yfinance as yf
ModuleNotFoundError: No module named 'yfinance'
[2025-03-03T11:41:27.621+0000] {processor.py:842} WARNING - No viable dags retrieved from /opt/airflow/dags/stock_price_prediction.py
[2025-03-03T11:41:27.641+0000] {processor.py:183} INFO - Processing /opt/airflow/dags/stock_price_prediction.py took 0.041 seconds
[2025-03-03T11:42:07.605+0000] {processor.py:161} INFO - Started process (PID=827) to work on /opt/airflow/dags/stock_price_prediction.py
[2025-03-03T11:42:07.606+0000] {processor.py:830} INFO - Processing file /opt/airflow/dags/stock_price_prediction.py for tasks to queue
[2025-03-03T11:42:07.607+0000] {logging_mixin.py:188} INFO - [2025-03-03T11:42:07.607+0000] {dagbag.py:538} INFO - Filling up the DagBag from /opt/airflow/dags/stock_price_prediction.py
[2025-03-03T11:42:07.622+0000] {logging_mixin.py:188} INFO - [2025-03-03T11:42:07.620+0000] {dagbag.py:348} ERROR - Failed to import: /opt/airflow/dags/stock_price_prediction.py
Traceback (most recent call last):
  File "/home/airflow/.local/lib/python3.8/site-packages/airflow/models/dagbag.py", line 344, in parse
    loader.exec_module(new_module)
  File "<frozen importlib._bootstrap_external>", line 843, in exec_module
  File "<frozen importlib._bootstrap>", line 219, in _call_with_frames_removed
  File "/opt/airflow/dags/stock_price_prediction.py", line 4, in <module>
    import yfinance as yf
ModuleNotFoundError: No module named 'yfinance'
[2025-03-03T11:42:07.624+0000] {processor.py:842} WARNING - No viable dags retrieved from /opt/airflow/dags/stock_price_prediction.py
[2025-03-03T11:42:07.645+0000] {processor.py:183} INFO - Processing /opt/airflow/dags/stock_price_prediction.py took 0.044 seconds
[2025-03-03T11:43:18.108+0000] {processor.py:161} INFO - Started process (PID=1057) to work on /opt/airflow/dags/stock_price_prediction.py
[2025-03-03T11:43:18.109+0000] {processor.py:830} INFO - Processing file /opt/airflow/dags/stock_price_prediction.py for tasks to queue
[2025-03-03T11:43:18.110+0000] {logging_mixin.py:188} INFO - [2025-03-03T11:43:18.109+0000] {dagbag.py:538} INFO - Filling up the DagBag from /opt/airflow/dags/stock_price_prediction.py
[2025-03-03T11:43:18.121+0000] {logging_mixin.py:188} INFO - [2025-03-03T11:43:18.119+0000] {dagbag.py:348} ERROR - Failed to import: /opt/airflow/dags/stock_price_prediction.py
Traceback (most recent call last):
  File "/home/airflow/.local/lib/python3.8/site-packages/airflow/models/dagbag.py", line 344, in parse
    loader.exec_module(new_module)
  File "<frozen importlib._bootstrap_external>", line 843, in exec_module
  File "<frozen importlib._bootstrap>", line 219, in _call_with_frames_removed
  File "/opt/airflow/dags/stock_price_prediction.py", line 4, in <module>
    import yfinance as yf
ModuleNotFoundError: No module named 'yfinance'
[2025-03-03T11:43:18.123+0000] {processor.py:842} WARNING - No viable dags retrieved from /opt/airflow/dags/stock_price_prediction.py
[2025-03-03T11:43:18.140+0000] {processor.py:183} INFO - Processing /opt/airflow/dags/stock_price_prediction.py took 0.035 seconds
[2025-03-03T11:44:23.626+0000] {processor.py:161} INFO - Started process (PID=59) to work on /opt/airflow/dags/stock_price_prediction.py
[2025-03-03T11:44:23.629+0000] {processor.py:830} INFO - Processing file /opt/airflow/dags/stock_price_prediction.py for tasks to queue
[2025-03-03T11:44:23.633+0000] {logging_mixin.py:188} INFO - [2025-03-03T11:44:23.632+0000] {dagbag.py:538} INFO - Filling up the DagBag from /opt/airflow/dags/stock_price_prediction.py
[2025-03-03T11:44:23.688+0000] {logging_mixin.py:188} INFO - [2025-03-03T11:44:23.669+0000] {dagbag.py:348} ERROR - Failed to import: /opt/airflow/dags/stock_price_prediction.py
Traceback (most recent call last):
  File "/home/airflow/.local/lib/python3.8/site-packages/airflow/models/dagbag.py", line 344, in parse
    loader.exec_module(new_module)
  File "<frozen importlib._bootstrap_external>", line 843, in exec_module
  File "<frozen importlib._bootstrap>", line 219, in _call_with_frames_removed
  File "/opt/airflow/dags/stock_price_prediction.py", line 4, in <module>
    import yfinance as yf
ModuleNotFoundError: No module named 'yfinance'
[2025-03-03T11:44:23.690+0000] {processor.py:842} WARNING - No viable dags retrieved from /opt/airflow/dags/stock_price_prediction.py
[2025-03-03T11:44:23.740+0000] {processor.py:183} INFO - Processing /opt/airflow/dags/stock_price_prediction.py took 0.121 seconds
[2025-03-03T11:45:02.965+0000] {processor.py:161} INFO - Started process (PID=157) to work on /opt/airflow/dags/stock_price_prediction.py
[2025-03-03T11:45:02.966+0000] {processor.py:830} INFO - Processing file /opt/airflow/dags/stock_price_prediction.py for tasks to queue
[2025-03-03T11:45:02.968+0000] {logging_mixin.py:188} INFO - [2025-03-03T11:45:02.967+0000] {dagbag.py:538} INFO - Filling up the DagBag from /opt/airflow/dags/stock_price_prediction.py
[2025-03-03T11:45:02.979+0000] {logging_mixin.py:188} INFO - [2025-03-03T11:45:02.977+0000] {dagbag.py:348} ERROR - Failed to import: /opt/airflow/dags/stock_price_prediction.py
Traceback (most recent call last):
  File "/home/airflow/.local/lib/python3.8/site-packages/airflow/models/dagbag.py", line 344, in parse
    loader.exec_module(new_module)
  File "<frozen importlib._bootstrap_external>", line 843, in exec_module
  File "<frozen importlib._bootstrap>", line 219, in _call_with_frames_removed
  File "/opt/airflow/dags/stock_price_prediction.py", line 4, in <module>
    import yfinance as yf
ModuleNotFoundError: No module named 'yfinance'
[2025-03-03T11:45:02.980+0000] {processor.py:842} WARNING - No viable dags retrieved from /opt/airflow/dags/stock_price_prediction.py
[2025-03-03T11:45:02.998+0000] {processor.py:183} INFO - Processing /opt/airflow/dags/stock_price_prediction.py took 0.035 seconds
[2025-03-03T11:45:54.959+0000] {processor.py:161} INFO - Started process (PID=267) to work on /opt/airflow/dags/stock_price_prediction.py
[2025-03-03T11:45:54.960+0000] {processor.py:830} INFO - Processing file /opt/airflow/dags/stock_price_prediction.py for tasks to queue
[2025-03-03T11:45:54.962+0000] {logging_mixin.py:188} INFO - [2025-03-03T11:45:54.962+0000] {dagbag.py:538} INFO - Filling up the DagBag from /opt/airflow/dags/stock_price_prediction.py
[2025-03-03T11:45:54.975+0000] {logging_mixin.py:188} INFO - [2025-03-03T11:45:54.973+0000] {dagbag.py:348} ERROR - Failed to import: /opt/airflow/dags/stock_price_prediction.py
Traceback (most recent call last):
  File "/home/airflow/.local/lib/python3.8/site-packages/airflow/models/dagbag.py", line 344, in parse
    loader.exec_module(new_module)
  File "<frozen importlib._bootstrap_external>", line 843, in exec_module
  File "<frozen importlib._bootstrap>", line 219, in _call_with_frames_removed
  File "/opt/airflow/dags/stock_price_prediction.py", line 4, in <module>
    import yfinance as yf
ModuleNotFoundError: No module named 'yfinance'
[2025-03-03T11:45:54.976+0000] {processor.py:842} WARNING - No viable dags retrieved from /opt/airflow/dags/stock_price_prediction.py
[2025-03-03T11:45:54.993+0000] {processor.py:183} INFO - Processing /opt/airflow/dags/stock_price_prediction.py took 0.037 seconds
[2025-03-03T11:48:36.167+0000] {processor.py:161} INFO - Started process (PID=53) to work on /opt/airflow/dags/stock_price_prediction.py
[2025-03-03T11:48:36.168+0000] {processor.py:830} INFO - Processing file /opt/airflow/dags/stock_price_prediction.py for tasks to queue
[2025-03-03T11:48:36.169+0000] {logging_mixin.py:188} INFO - [2025-03-03T11:48:36.169+0000] {dagbag.py:538} INFO - Filling up the DagBag from /opt/airflow/dags/stock_price_prediction.py
[2025-03-03T11:48:36.186+0000] {logging_mixin.py:188} INFO - [2025-03-03T11:48:36.183+0000] {dagbag.py:348} ERROR - Failed to import: /opt/airflow/dags/stock_price_prediction.py
Traceback (most recent call last):
  File "/home/airflow/.local/lib/python3.8/site-packages/airflow/models/dagbag.py", line 344, in parse
    loader.exec_module(new_module)
  File "<frozen importlib._bootstrap_external>", line 843, in exec_module
  File "<frozen importlib._bootstrap>", line 219, in _call_with_frames_removed
  File "/opt/airflow/dags/stock_price_prediction.py", line 4, in <module>
    import yfinance as yf
ModuleNotFoundError: No module named 'yfinance'
[2025-03-03T11:48:36.188+0000] {processor.py:842} WARNING - No viable dags retrieved from /opt/airflow/dags/stock_price_prediction.py
[2025-03-03T11:48:36.216+0000] {processor.py:183} INFO - Processing /opt/airflow/dags/stock_price_prediction.py took 0.052 seconds
[2025-03-03T11:49:13.350+0000] {processor.py:161} INFO - Started process (PID=115) to work on /opt/airflow/dags/stock_price_prediction.py
[2025-03-03T11:49:13.351+0000] {processor.py:830} INFO - Processing file /opt/airflow/dags/stock_price_prediction.py for tasks to queue
[2025-03-03T11:49:13.353+0000] {logging_mixin.py:188} INFO - [2025-03-03T11:49:13.353+0000] {dagbag.py:538} INFO - Filling up the DagBag from /opt/airflow/dags/stock_price_prediction.py
[2025-03-03T11:49:13.369+0000] {logging_mixin.py:188} INFO - [2025-03-03T11:49:13.366+0000] {dagbag.py:348} ERROR - Failed to import: /opt/airflow/dags/stock_price_prediction.py
Traceback (most recent call last):
  File "/home/airflow/.local/lib/python3.8/site-packages/airflow/models/dagbag.py", line 344, in parse
    loader.exec_module(new_module)
  File "<frozen importlib._bootstrap_external>", line 843, in exec_module
  File "<frozen importlib._bootstrap>", line 219, in _call_with_frames_removed
  File "/opt/airflow/dags/stock_price_prediction.py", line 4, in <module>
    import yfinance as yf
ModuleNotFoundError: No module named 'yfinance'
[2025-03-03T11:49:13.371+0000] {processor.py:842} WARNING - No viable dags retrieved from /opt/airflow/dags/stock_price_prediction.py
[2025-03-03T11:49:13.401+0000] {processor.py:183} INFO - Processing /opt/airflow/dags/stock_price_prediction.py took 0.055 seconds
[2025-03-03T11:49:03.864+0000] {processor.py:161} INFO - Started process (PID=318) to work on /opt/airflow/dags/stock_price_prediction.py
[2025-03-03T11:49:03.882+0000] {processor.py:830} INFO - Processing file /opt/airflow/dags/stock_price_prediction.py for tasks to queue
[2025-03-03T11:49:03.884+0000] {logging_mixin.py:188} INFO - [2025-03-03T11:49:03.883+0000] {dagbag.py:538} INFO - Filling up the DagBag from /opt/airflow/dags/stock_price_prediction.py
[2025-03-03T11:49:03.920+0000] {logging_mixin.py:188} INFO - [2025-03-03T11:49:03.916+0000] {dagbag.py:348} ERROR - Failed to import: /opt/airflow/dags/stock_price_prediction.py
Traceback (most recent call last):
  File "/home/airflow/.local/lib/python3.8/site-packages/airflow/models/dagbag.py", line 344, in parse
    loader.exec_module(new_module)
  File "<frozen importlib._bootstrap_external>", line 843, in exec_module
  File "<frozen importlib._bootstrap>", line 219, in _call_with_frames_removed
  File "/opt/airflow/dags/stock_price_prediction.py", line 4, in <module>
    import yfinance as yf
ModuleNotFoundError: No module named 'yfinance'
[2025-03-03T11:49:03.922+0000] {processor.py:842} WARNING - No viable dags retrieved from /opt/airflow/dags/stock_price_prediction.py
[2025-03-03T11:49:03.942+0000] {processor.py:183} INFO - Processing /opt/airflow/dags/stock_price_prediction.py took 0.081 seconds
[2025-03-03T11:50:48.551+0000] {processor.py:161} INFO - Started process (PID=372) to work on /opt/airflow/dags/stock_price_prediction.py
[2025-03-03T11:50:48.552+0000] {processor.py:830} INFO - Processing file /opt/airflow/dags/stock_price_prediction.py for tasks to queue
[2025-03-03T11:50:48.553+0000] {logging_mixin.py:188} INFO - [2025-03-03T11:50:48.553+0000] {dagbag.py:538} INFO - Filling up the DagBag from /opt/airflow/dags/stock_price_prediction.py
[2025-03-03T11:50:48.567+0000] {logging_mixin.py:188} INFO - [2025-03-03T11:50:48.565+0000] {dagbag.py:348} ERROR - Failed to import: /opt/airflow/dags/stock_price_prediction.py
Traceback (most recent call last):
  File "/home/airflow/.local/lib/python3.8/site-packages/airflow/models/dagbag.py", line 344, in parse
    loader.exec_module(new_module)
  File "<frozen importlib._bootstrap_external>", line 843, in exec_module
  File "<frozen importlib._bootstrap>", line 219, in _call_with_frames_removed
  File "/opt/airflow/dags/stock_price_prediction.py", line 4, in <module>
    import yfinance as yf
ModuleNotFoundError: No module named 'yfinance'
[2025-03-03T11:50:48.569+0000] {processor.py:842} WARNING - No viable dags retrieved from /opt/airflow/dags/stock_price_prediction.py
[2025-03-03T11:50:48.586+0000] {processor.py:183} INFO - Processing /opt/airflow/dags/stock_price_prediction.py took 0.038 seconds
[2025-03-03T11:51:23.596+0000] {processor.py:161} INFO - Started process (PID=472) to work on /opt/airflow/dags/stock_price_prediction.py
[2025-03-03T11:51:23.597+0000] {processor.py:830} INFO - Processing file /opt/airflow/dags/stock_price_prediction.py for tasks to queue
[2025-03-03T11:51:23.598+0000] {logging_mixin.py:188} INFO - [2025-03-03T11:51:23.597+0000] {dagbag.py:538} INFO - Filling up the DagBag from /opt/airflow/dags/stock_price_prediction.py
[2025-03-03T11:51:23.608+0000] {logging_mixin.py:188} INFO - [2025-03-03T11:51:23.606+0000] {dagbag.py:348} ERROR - Failed to import: /opt/airflow/dags/stock_price_prediction.py
Traceback (most recent call last):
  File "/home/airflow/.local/lib/python3.8/site-packages/airflow/models/dagbag.py", line 344, in parse
    loader.exec_module(new_module)
  File "<frozen importlib._bootstrap_external>", line 843, in exec_module
  File "<frozen importlib._bootstrap>", line 219, in _call_with_frames_removed
  File "/opt/airflow/dags/stock_price_prediction.py", line 4, in <module>
    import yfinance as yf
ModuleNotFoundError: No module named 'yfinance'
[2025-03-03T11:51:23.609+0000] {processor.py:842} WARNING - No viable dags retrieved from /opt/airflow/dags/stock_price_prediction.py
[2025-03-03T11:51:23.628+0000] {processor.py:183} INFO - Processing /opt/airflow/dags/stock_price_prediction.py took 0.035 seconds
[2025-03-03T11:52:53.827+0000] {processor.py:161} INFO - Started process (PID=51) to work on /opt/airflow/dags/stock_price_prediction.py
[2025-03-03T11:52:53.829+0000] {processor.py:830} INFO - Processing file /opt/airflow/dags/stock_price_prediction.py for tasks to queue
[2025-03-03T11:52:53.832+0000] {logging_mixin.py:188} INFO - [2025-03-03T11:52:53.831+0000] {dagbag.py:538} INFO - Filling up the DagBag from /opt/airflow/dags/stock_price_prediction.py
[2025-03-03T11:52:53.874+0000] {logging_mixin.py:188} INFO - [2025-03-03T11:52:53.867+0000] {dagbag.py:348} ERROR - Failed to import: /opt/airflow/dags/stock_price_prediction.py
Traceback (most recent call last):
  File "/home/airflow/.local/lib/python3.8/site-packages/airflow/models/dagbag.py", line 344, in parse
    loader.exec_module(new_module)
  File "<frozen importlib._bootstrap_external>", line 843, in exec_module
  File "<frozen importlib._bootstrap>", line 219, in _call_with_frames_removed
  File "/opt/airflow/dags/stock_price_prediction.py", line 4, in <module>
    import yfinance as yf
ModuleNotFoundError: No module named 'yfinance'
[2025-03-03T11:52:53.876+0000] {processor.py:842} WARNING - No viable dags retrieved from /opt/airflow/dags/stock_price_prediction.py
[2025-03-03T11:51:24.079+0000] {processor.py:183} INFO - Processing /opt/airflow/dags/stock_price_prediction.py took 0.089 seconds
[2025-03-03T11:51:34.115+0000] {processor.py:161} INFO - Started process (PID=107) to work on /opt/airflow/dags/stock_price_prediction.py
[2025-03-03T11:51:34.116+0000] {processor.py:830} INFO - Processing file /opt/airflow/dags/stock_price_prediction.py for tasks to queue
[2025-03-03T11:51:34.119+0000] {logging_mixin.py:188} INFO - [2025-03-03T11:51:34.118+0000] {dagbag.py:538} INFO - Filling up the DagBag from /opt/airflow/dags/stock_price_prediction.py
[2025-03-03T11:51:34.136+0000] {logging_mixin.py:188} INFO - [2025-03-03T11:51:34.132+0000] {dagbag.py:348} ERROR - Failed to import: /opt/airflow/dags/stock_price_prediction.py
Traceback (most recent call last):
  File "/home/airflow/.local/lib/python3.8/site-packages/airflow/models/dagbag.py", line 344, in parse
    loader.exec_module(new_module)
  File "<frozen importlib._bootstrap_external>", line 843, in exec_module
  File "<frozen importlib._bootstrap>", line 219, in _call_with_frames_removed
  File "/opt/airflow/dags/stock_price_prediction.py", line 4, in <module>
    import yfinance as yf
ModuleNotFoundError: No module named 'yfinance'
[2025-03-03T11:51:34.138+0000] {processor.py:842} WARNING - No viable dags retrieved from /opt/airflow/dags/stock_price_prediction.py
[2025-03-03T11:51:34.159+0000] {processor.py:183} INFO - Processing /opt/airflow/dags/stock_price_prediction.py took 0.049 seconds
[2025-03-03T11:52:04.453+0000] {processor.py:161} INFO - Started process (PID=161) to work on /opt/airflow/dags/stock_price_prediction.py
[2025-03-03T11:52:04.454+0000] {processor.py:830} INFO - Processing file /opt/airflow/dags/stock_price_prediction.py for tasks to queue
[2025-03-03T11:52:04.456+0000] {logging_mixin.py:188} INFO - [2025-03-03T11:52:04.456+0000] {dagbag.py:538} INFO - Filling up the DagBag from /opt/airflow/dags/stock_price_prediction.py
[2025-03-03T11:52:04.470+0000] {logging_mixin.py:188} INFO - [2025-03-03T11:52:04.466+0000] {dagbag.py:348} ERROR - Failed to import: /opt/airflow/dags/stock_price_prediction.py
Traceback (most recent call last):
  File "/home/airflow/.local/lib/python3.8/site-packages/airflow/models/dagbag.py", line 344, in parse
    loader.exec_module(new_module)
  File "<frozen importlib._bootstrap_external>", line 843, in exec_module
  File "<frozen importlib._bootstrap>", line 219, in _call_with_frames_removed
  File "/opt/airflow/dags/stock_price_prediction.py", line 4, in <module>
    import yfinance as yf
ModuleNotFoundError: No module named 'yfinance'
[2025-03-03T11:52:04.471+0000] {processor.py:842} WARNING - No viable dags retrieved from /opt/airflow/dags/stock_price_prediction.py
[2025-03-03T11:52:04.488+0000] {processor.py:183} INFO - Processing /opt/airflow/dags/stock_price_prediction.py took 0.038 seconds
[2025-03-03T11:53:38.927+0000] {processor.py:161} INFO - Started process (PID=207) to work on /opt/airflow/dags/stock_price_prediction.py
[2025-03-03T11:53:38.928+0000] {processor.py:830} INFO - Processing file /opt/airflow/dags/stock_price_prediction.py for tasks to queue
[2025-03-03T11:53:38.930+0000] {logging_mixin.py:188} INFO - [2025-03-03T11:53:38.929+0000] {dagbag.py:538} INFO - Filling up the DagBag from /opt/airflow/dags/stock_price_prediction.py
[2025-03-03T11:53:38.956+0000] {logging_mixin.py:188} INFO - [2025-03-03T11:53:38.952+0000] {dagbag.py:348} ERROR - Failed to import: /opt/airflow/dags/stock_price_prediction.py
Traceback (most recent call last):
  File "/home/airflow/.local/lib/python3.8/site-packages/airflow/models/dagbag.py", line 344, in parse
    loader.exec_module(new_module)
  File "<frozen importlib._bootstrap_external>", line 843, in exec_module
  File "<frozen importlib._bootstrap>", line 219, in _call_with_frames_removed
  File "/opt/airflow/dags/stock_price_prediction.py", line 4, in <module>
    import yfinance as yf
ModuleNotFoundError: No module named 'yfinance'
[2025-03-03T11:53:38.958+0000] {processor.py:842} WARNING - No viable dags retrieved from /opt/airflow/dags/stock_price_prediction.py
[2025-03-03T11:53:38.978+0000] {processor.py:183} INFO - Processing /opt/airflow/dags/stock_price_prediction.py took 0.053 seconds
[2025-03-03T11:54:24.909+0000] {processor.py:161} INFO - Started process (PID=351) to work on /opt/airflow/dags/stock_price_prediction.py
[2025-03-03T11:54:24.910+0000] {processor.py:830} INFO - Processing file /opt/airflow/dags/stock_price_prediction.py for tasks to queue
[2025-03-03T11:54:24.912+0000] {logging_mixin.py:188} INFO - [2025-03-03T11:54:24.912+0000] {dagbag.py:538} INFO - Filling up the DagBag from /opt/airflow/dags/stock_price_prediction.py
[2025-03-03T11:54:24.925+0000] {logging_mixin.py:188} INFO - [2025-03-03T11:54:24.923+0000] {dagbag.py:348} ERROR - Failed to import: /opt/airflow/dags/stock_price_prediction.py
Traceback (most recent call last):
  File "/home/airflow/.local/lib/python3.8/site-packages/airflow/models/dagbag.py", line 344, in parse
    loader.exec_module(new_module)
  File "<frozen importlib._bootstrap_external>", line 843, in exec_module
  File "<frozen importlib._bootstrap>", line 219, in _call_with_frames_removed
  File "/opt/airflow/dags/stock_price_prediction.py", line 4, in <module>
    import yfinance as yf
ModuleNotFoundError: No module named 'yfinance'
[2025-03-03T11:54:24.926+0000] {processor.py:842} WARNING - No viable dags retrieved from /opt/airflow/dags/stock_price_prediction.py
[2025-03-03T11:54:24.947+0000] {processor.py:183} INFO - Processing /opt/airflow/dags/stock_price_prediction.py took 0.041 seconds
[2025-03-03T11:54:59.009+0000] {processor.py:161} INFO - Started process (PID=463) to work on /opt/airflow/dags/stock_price_prediction.py
[2025-03-03T11:54:59.010+0000] {processor.py:830} INFO - Processing file /opt/airflow/dags/stock_price_prediction.py for tasks to queue
[2025-03-03T11:54:59.012+0000] {logging_mixin.py:188} INFO - [2025-03-03T11:54:59.011+0000] {dagbag.py:538} INFO - Filling up the DagBag from /opt/airflow/dags/stock_price_prediction.py
[2025-03-03T11:54:59.025+0000] {logging_mixin.py:188} INFO - [2025-03-03T11:54:59.022+0000] {dagbag.py:348} ERROR - Failed to import: /opt/airflow/dags/stock_price_prediction.py
Traceback (most recent call last):
  File "/home/airflow/.local/lib/python3.8/site-packages/airflow/models/dagbag.py", line 344, in parse
    loader.exec_module(new_module)
  File "<frozen importlib._bootstrap_external>", line 843, in exec_module
  File "<frozen importlib._bootstrap>", line 219, in _call_with_frames_removed
  File "/opt/airflow/dags/stock_price_prediction.py", line 4, in <module>
    import yfinance as yf
ModuleNotFoundError: No module named 'yfinance'
[2025-03-03T11:54:59.026+0000] {processor.py:842} WARNING - No viable dags retrieved from /opt/airflow/dags/stock_price_prediction.py
[2025-03-03T11:54:59.044+0000] {processor.py:183} INFO - Processing /opt/airflow/dags/stock_price_prediction.py took 0.038 seconds
